ce41ef9c-1e78-11ee-a424-557cb373497c; 1688921470; buscar por productos; ini
ce41ef9c-1e78-11ee-a424-557cb373497c; 1688921470; buscar por productos; fin
dcd0c600-1e78-11ee-a424-557cb373497c; 1688921494; buscar por productos; ini
dcd0c600-1e78-11ee-a424-557cb373497c; 1688921494; buscar por productos; fin
df2302e2-1e78-11ee-a424-557cb373497c; 1688921498; buscar por productos; ini
df2302e2-1e78-11ee-a424-557cb373497c; 1688921498; buscar por productos; fin
e1c6c376-1e78-11ee-a424-557cb373497c; 1688921502; buscar por productos; ini
e1c6c376-1e78-11ee-a424-557cb373497c; 1688921502; buscar por productos; fin
e3ef69c8-1e78-11ee-a424-557cb373497c; 1688921506; buscar por productos; ini
e3ef69c8-1e78-11ee-a424-557cb373497c; 1688921506; buscar por productos; fin
e5dfd0c4-1e78-11ee-a424-557cb373497c; 1688921509; buscar por productos; ini
e5dfd0c4-1e78-11ee-a424-557cb373497c; 1688921509; buscar por productos; fin
e81d09ec-1e78-11ee-a424-557cb373497c; 1688921513; buscar por productos; ini
e81d09ec-1e78-11ee-a424-557cb373497c; 1688921513; buscar por productos; fin
eb0e7e4c-1e78-11ee-a424-557cb373497c; 1688921518; buscar por productos; ini
eb0e7e4c-1e78-11ee-a424-557cb373497c; 1688921518; buscar por productos; fin
eeb53cca-1e78-11ee-a424-557cb373497c; 1688921524; buscar por productos; ini
eeb53cca-1e78-11ee-a424-557cb373497c; 1688921524; buscar por productos; fin
f1a0000a-1e78-11ee-a424-557cb373497c; 1688921529; buscar por productos; ini
f1a0000a-1e78-11ee-a424-557cb373497c; 1688921529; buscar por productos; fin
f4770cd8-1e78-11ee-a424-557cb373497c; 1688921534; buscar por productos; ini
f4770cd8-1e78-11ee-a424-557cb373497c; 1688921534; buscar por productos; fin
f770850e-1e78-11ee-a424-557cb373497c; 1688921539; buscar por productos; ini
f770850e-1e78-11ee-a424-557cb373497c; 1688921539; buscar por productos; fin
fa36b7cc-1e78-11ee-a424-557cb373497c; 1688921543; buscar por productos; ini
fa36b7cc-1e78-11ee-a424-557cb373497c; 1688921543; buscar por productos; fin
fd0a5e22-1e78-11ee-a424-557cb373497c; 1688921548; buscar por productos; ini
fd0a5e22-1e78-11ee-a424-557cb373497c; 1688921548; buscar por productos; fin
ff927300-1e78-11ee-a424-557cb373497c; 1688921552; buscar por productos; ini
ff927300-1e78-11ee-a424-557cb373497c; 1688921552; buscar por productos; fin
019a8958-1e79-11ee-a424-557cb373497c; 1688921556; buscar por productos; ini
019a8958-1e79-11ee-a424-557cb373497c; 1688921556; buscar por productos; fin
0407522a-1e79-11ee-a424-557cb373497c; 1688921560; buscar por productos; ini
0407522a-1e79-11ee-a424-557cb373497c; 1688921560; buscar por productos; fin
06565b2a-1e79-11ee-a424-557cb373497c; 1688921564; buscar por productos; ini
06565b2a-1e79-11ee-a424-557cb373497c; 1688921564; buscar por productos; fin
08a3ac48-1e79-11ee-a424-557cb373497c; 1688921567; buscar por productos; ini
08a3ac48-1e79-11ee-a424-557cb373497c; 1688921567; buscar por productos; fin
0ab74634-1e79-11ee-a424-557cb373497c; 1688921571; buscar por productos; ini
0ab74634-1e79-11ee-a424-557cb373497c; 1688921571; buscar por productos; fin
2282d1de-1e79-11ee-a424-557cb373497c; 1688921611; buscar por categorias; ini
2282d1de-1e79-11ee-a424-557cb373497c; 1688921611; buscar por categorias; fin
2505eafe-1e79-11ee-a424-557cb373497c; 1688921615; buscar por categorias; ini
2505eafe-1e79-11ee-a424-557cb373497c; 1688921615; buscar por categorias; fin
2769af88-1e79-11ee-a424-557cb373497c; 1688921619; buscar por categorias; ini
2769af88-1e79-11ee-a424-557cb373497c; 1688921619; buscar por categorias; fin
2a4533ee-1e79-11ee-a424-557cb373497c; 1688921624; buscar por categorias; ini
2a4533ee-1e79-11ee-a424-557cb373497c; 1688921624; buscar por categorias; fin
2c71c312-1e79-11ee-a424-557cb373497c; 1688921628; buscar por categorias; ini
2c71c312-1e79-11ee-a424-557cb373497c; 1688921628; buscar por categorias; fin
2e5d2dec-1e79-11ee-a424-557cb373497c; 1688921631; buscar por categorias; ini
2e5d2dec-1e79-11ee-a424-557cb373497c; 1688921631; buscar por categorias; fin
307cbd40-1e79-11ee-a424-557cb373497c; 1688921634; buscar por categorias; ini
307cbd40-1e79-11ee-a424-557cb373497c; 1688921634; buscar por categorias; fin
3320e440-1e79-11ee-a424-557cb373497c; 1688921639; buscar por categorias; ini
3320e440-1e79-11ee-a424-557cb373497c; 1688921639; buscar por categorias; fin
3685dbf4-1e79-11ee-a424-557cb373497c; 1688921644; buscar por categorias; ini
3685dbf4-1e79-11ee-a424-557cb373497c; 1688921644; buscar por categorias; fin
389b1bac-1e79-11ee-a424-557cb373497c; 1688921648; buscar por categorias; ini
389b1bac-1e79-11ee-a424-557cb373497c; 1688921648; buscar por categorias; fin
3a6b7ee0-1e79-11ee-a424-557cb373497c; 1688921651; buscar por categorias; ini
3a6b7ee0-1e79-11ee-a424-557cb373497c; 1688921651; buscar por categorias; fin
3c11b944-1e79-11ee-a424-557cb373497c; 1688921654; buscar por categorias; ini
3c11b944-1e79-11ee-a424-557cb373497c; 1688921654; buscar por categorias; fin
3df7c9f6-1e79-11ee-a424-557cb373497c; 1688921657; buscar por categorias; ini
3df7c9f6-1e79-11ee-a424-557cb373497c; 1688921657; buscar por categorias; fin
3fbe26a4-1e79-11ee-a424-557cb373497c; 1688921660; buscar por categorias; ini
3fbe26a4-1e79-11ee-a424-557cb373497c; 1688921660; buscar por categorias; fin
420160ca-1e79-11ee-a424-557cb373497c; 1688921664; buscar por categorias; ini
420160ca-1e79-11ee-a424-557cb373497c; 1688921664; buscar por categorias; fin
4401fbf0-1e79-11ee-a424-557cb373497c; 1688921667; buscar por categorias; ini
4401fbf0-1e79-11ee-a424-557cb373497c; 1688921667; buscar por categorias; fin
461e0320-1e79-11ee-a424-557cb373497c; 1688921671; buscar por categorias; ini
461e0320-1e79-11ee-a424-557cb373497c; 1688921671; buscar por categorias; fin
47f640fe-1e79-11ee-a424-557cb373497c; 1688921674; buscar por categorias; ini
47f640fe-1e79-11ee-a424-557cb373497c; 1688921674; buscar por categorias; fin
4a49b3b8-1e79-11ee-a424-557cb373497c; 1688921678; buscar por categorias; ini
4a49b3b8-1e79-11ee-a424-557cb373497c; 1688921678; buscar por categorias; fin
4c4885c2-1e79-11ee-a424-557cb373497c; 1688921681; buscar por categorias; ini
4c4885c2-1e79-11ee-a424-557cb373497c; 1688921681; buscar por categorias; fin
4e641dac-1e7a-11ee-a424-557cb373497c; 1688922114; buscar por productos; ini
4e641dac-1e7a-11ee-a424-557cb373497c; 1688922114; buscar por productos; fin
546b4cca-1e7a-11ee-a424-557cb373497c; 1688922124; buscar por productos; ini
546b4cca-1e7a-11ee-a424-557cb373497c; 1688922124; buscar por productos; fin
56ec0c3c-1e7a-11ee-a424-557cb373497c; 1688922128; buscar por productos; ini
56ec0c3c-1e7a-11ee-a424-557cb373497c; 1688922128; buscar por productos; fin
6ffa5d5a-1e7a-11ee-a424-557cb373497c; 1688922170; buscar por productos; ini
6ffa5d5a-1e7a-11ee-a424-557cb373497c; 1688922170; buscar por productos; fin
71f59890-1e7a-11ee-a424-557cb373497c; 1688922174; buscar por productos; ini
71f59890-1e7a-11ee-a424-557cb373497c; 1688922174; buscar por productos; fin
744e6342-1e7a-11ee-a424-557cb373497c; 1688922178; buscar por productos; ini
744e6342-1e7a-11ee-a424-557cb373497c; 1688922178; buscar por productos; fin
79b98744-1e7a-11ee-a424-557cb373497c; 1688922187; buscar por productos; ini
79b98744-1e7a-11ee-a424-557cb373497c; 1688922187; buscar por productos; fin
7b967e32-1e7a-11ee-a424-557cb373497c; 1688922190; buscar por productos; ini
7b967e32-1e7a-11ee-a424-557cb373497c; 1688922190; buscar por productos; fin
7d4b9438-1e7a-11ee-a424-557cb373497c; 1688922193; buscar por productos; ini
7d4b9438-1e7a-11ee-a424-557cb373497c; 1688922193; buscar por productos; fin
7f3b667e-1e7a-11ee-a424-557cb373497c; 1688922196; buscar por productos; ini
7f3b667e-1e7a-11ee-a424-557cb373497c; 1688922196; buscar por productos; fin
80da013e-1e7a-11ee-a424-557cb373497c; 1688922199; buscar por productos; ini
80da013e-1e7a-11ee-a424-557cb373497c; 1688922199; buscar por productos; fin
824f1266-1e7a-11ee-a424-557cb373497c; 1688922201; buscar por productos; ini
824f1266-1e7a-11ee-a424-557cb373497c; 1688922201; buscar por productos; fin
83a77cf2-1e7a-11ee-a424-557cb373497c; 1688922203; buscar por productos; ini
83a77cf2-1e7a-11ee-a424-557cb373497c; 1688922203; buscar por productos; fin
856ff348-1e7a-11ee-a424-557cb373497c; 1688922206; buscar por productos; ini
856ff348-1e7a-11ee-a424-557cb373497c; 1688922206; buscar por productos; fin
88166708-1e7a-11ee-a424-557cb373497c; 1688922211; buscar por productos; ini
88166708-1e7a-11ee-a424-557cb373497c; 1688922211; buscar por productos; fin
89df681e-1e7a-11ee-a424-557cb373497c; 1688922214; buscar por productos; ini
89df681e-1e7a-11ee-a424-557cb373497c; 1688922214; buscar por productos; fin
8b309c4c-1e7a-11ee-a424-557cb373497c; 1688922216; buscar por productos; ini
8b309c4c-1e7a-11ee-a424-557cb373497c; 1688922216; buscar por productos; fin
8c6cb1c2-1e7a-11ee-a424-557cb373497c; 1688922218; buscar por productos; ini
8c6cb1c2-1e7a-11ee-a424-557cb373497c; 1688922218; buscar por productos; fin
8dad5794-1e7a-11ee-a424-557cb373497c; 1688922220; buscar por productos; ini
8dad5794-1e7a-11ee-a424-557cb373497c; 1688922220; buscar por productos; fin
8ee852d0-1e7a-11ee-a424-557cb373497c; 1688922222; buscar por productos; ini
8ee852d0-1e7a-11ee-a424-557cb373497c; 1688922222; buscar por productos; fin
9042befe-1e7a-11ee-a424-557cb373497c; 1688922225; buscar por productos; ini
9042befe-1e7a-11ee-a424-557cb373497c; 1688922225; buscar por productos; fin
93db8316-1e7a-11ee-a424-557cb373497c; 1688922231; buscar por categorias; ini
93db8316-1e7a-11ee-a424-557cb373497c; 1688922231; buscar por categorias; fin
95755634-1e7a-11ee-a424-557cb373497c; 1688922233; buscar por categorias; ini
95755634-1e7a-11ee-a424-557cb373497c; 1688922233; buscar por categorias; fin
9723b8ae-1e7a-11ee-a424-557cb373497c; 1688922236; buscar por categorias; ini
9723b8ae-1e7a-11ee-a424-557cb373497c; 1688922236; buscar por categorias; fin
990d7f10-1e7a-11ee-a424-557cb373497c; 1688922239; buscar por categorias; ini
990d7f10-1e7a-11ee-a424-557cb373497c; 1688922239; buscar por categorias; fin
9afcbb7e-1e7a-11ee-a424-557cb373497c; 1688922243; buscar por categorias; ini
9afcbb7e-1e7a-11ee-a424-557cb373497c; 1688922243; buscar por categorias; fin
9cc0727a-1e7a-11ee-a424-557cb373497c; 1688922245; buscar por categorias; ini
9cc0727a-1e7a-11ee-a424-557cb373497c; 1688922245; buscar por categorias; fin
9eac4d7a-1e7a-11ee-a424-557cb373497c; 1688922249; buscar por categorias; ini
9eac4d7a-1e7a-11ee-a424-557cb373497c; 1688922249; buscar por categorias; fin
a0b70402-1e7a-11ee-a424-557cb373497c; 1688922252; buscar por categorias; ini
a0b70402-1e7a-11ee-a424-557cb373497c; 1688922252; buscar por categorias; fin
a24d73c8-1e7a-11ee-a424-557cb373497c; 1688922255; buscar por categorias; ini
a24d73c8-1e7a-11ee-a424-557cb373497c; 1688922255; buscar por categorias; fin
a41558e2-1e7a-11ee-a424-557cb373497c; 1688922258; buscar por categorias; ini
a41558e2-1e7a-11ee-a424-557cb373497c; 1688922258; buscar por categorias; fin
a5cc9aec-1e7a-11ee-a424-557cb373497c; 1688922261; buscar por categorias; ini
a5cc9aec-1e7a-11ee-a424-557cb373497c; 1688922261; buscar por categorias; fin
a7b03314-1e7a-11ee-a424-557cb373497c; 1688922264; buscar por categorias; ini
a7b03314-1e7a-11ee-a424-557cb373497c; 1688922264; buscar por categorias; fin
a97a09ae-1e7a-11ee-a424-557cb373497c; 1688922267; buscar por categorias; ini
a97a09ae-1e7a-11ee-a424-557cb373497c; 1688922267; buscar por categorias; fin
ab05d9c4-1e7a-11ee-a424-557cb373497c; 1688922269; buscar por categorias; ini
ab05d9c4-1e7a-11ee-a424-557cb373497c; 1688922269; buscar por categorias; fin
acb1f276-1e7a-11ee-a424-557cb373497c; 1688922272; buscar por categorias; ini
acb1f276-1e7a-11ee-a424-557cb373497c; 1688922272; buscar por categorias; fin
ae29c02a-1e7a-11ee-a424-557cb373497c; 1688922275; buscar por categorias; ini
ae29c02a-1e7a-11ee-a424-557cb373497c; 1688922275; buscar por categorias; fin
afcd64c2-1e7a-11ee-a424-557cb373497c; 1688922277; buscar por categorias; ini
afcd64c2-1e7a-11ee-a424-557cb373497c; 1688922277; buscar por categorias; fin
b1cbd57e-1e7a-11ee-a424-557cb373497c; 1688922281; buscar por categorias; ini
b1cbd57e-1e7a-11ee-a424-557cb373497c; 1688922281; buscar por categorias; fin
b39e84aa-1e7a-11ee-a424-557cb373497c; 1688922284; buscar por categorias; ini
b39e84aa-1e7a-11ee-a424-557cb373497c; 1688922284; buscar por categorias; fin
b56ce63c-1e7a-11ee-a424-557cb373497c; 1688922287; buscar por categorias; ini
b56ce63c-1e7a-11ee-a424-557cb373497c; 1688922287; buscar por categorias; fin
0421dc38-1e7b-11ee-a424-557cb373497c; 1688922419; buscar por productos; ini
0421dc38-1e7b-11ee-a424-557cb373497c; 1688922419; buscar por productos; fin
0536a824-1e7b-11ee-a424-557cb373497c; 1688922421; buscar por productos; ini
0536a824-1e7b-11ee-a424-557cb373497c; 1688922421; buscar por productos; fin
069ad9b0-1e7b-11ee-a424-557cb373497c; 1688922423; buscar por productos; ini
069ad9b0-1e7b-11ee-a424-557cb373497c; 1688922423; buscar por productos; fin
07dbcff0-1e7b-11ee-a424-557cb373497c; 1688922425; buscar por productos; ini
07dbcff0-1e7b-11ee-a424-557cb373497c; 1688922425; buscar por productos; fin
0926bf82-1e7b-11ee-a424-557cb373497c; 1688922427; buscar por productos; ini
0926bf82-1e7b-11ee-a424-557cb373497c; 1688922427; buscar por productos; fin
0a919da6-1e7b-11ee-a424-557cb373497c; 1688922430; buscar por productos; ini
0a919da6-1e7b-11ee-a424-557cb373497c; 1688922430; buscar por productos; fin
0c0c0df6-1e7b-11ee-a424-557cb373497c; 1688922432; buscar por productos; ini
0c0c0df6-1e7b-11ee-a424-557cb373497c; 1688922432; buscar por productos; fin
0d4bcbc0-1e7b-11ee-a424-557cb373497c; 1688922434; buscar por productos; ini
0d4bcbc0-1e7b-11ee-a424-557cb373497c; 1688922434; buscar por productos; fin
0e9a2986-1e7b-11ee-a424-557cb373497c; 1688922436; buscar por productos; ini
0e9a2986-1e7b-11ee-a424-557cb373497c; 1688922436; buscar por productos; fin
0fe4e6be-1e7b-11ee-a424-557cb373497c; 1688922439; buscar por productos; ini
0fe4e6be-1e7b-11ee-a424-557cb373497c; 1688922439; buscar por productos; fin
1183579e-1e7b-11ee-a424-557cb373497c; 1688922441; buscar por productos; ini
1183579e-1e7b-11ee-a424-557cb373497c; 1688922441; buscar por productos; fin
12e8ecc0-1e7b-11ee-a424-557cb373497c; 1688922444; buscar por productos; ini
12e8ecc0-1e7b-11ee-a424-557cb373497c; 1688922444; buscar por productos; fin
1449870a-1e7b-11ee-a424-557cb373497c; 1688922446; buscar por productos; ini
1449870a-1e7b-11ee-a424-557cb373497c; 1688922446; buscar por productos; fin
1593a4b0-1e7b-11ee-a424-557cb373497c; 1688922448; buscar por productos; ini
1593a4b0-1e7b-11ee-a424-557cb373497c; 1688922448; buscar por productos; fin
16aaf7a4-1e7b-11ee-a424-557cb373497c; 1688922450; buscar por productos; ini
16aaf7a4-1e7b-11ee-a424-557cb373497c; 1688922450; buscar por productos; fin
17ded406-1e7b-11ee-a424-557cb373497c; 1688922452; buscar por productos; ini
17ded406-1e7b-11ee-a424-557cb373497c; 1688922452; buscar por productos; fin
18f9cf4e-1e7b-11ee-a424-557cb373497c; 1688922454; buscar por productos; ini
18f9cf4e-1e7b-11ee-a424-557cb373497c; 1688922454; buscar por productos; fin
1a4b0ef8-1e7b-11ee-a424-557cb373497c; 1688922456; buscar por productos; ini
1a4b0ef8-1e7b-11ee-a424-557cb373497c; 1688922456; buscar por productos; fin
1b744088-1e7b-11ee-a424-557cb373497c; 1688922458; buscar por productos; ini
1b744088-1e7b-11ee-a424-557cb373497c; 1688922458; buscar por productos; fin
1cbc3e6e-1e7b-11ee-a424-557cb373497c; 1688922460; buscar por productos; ini
1cbc3e6e-1e7b-11ee-a424-557cb373497c; 1688922460; buscar por productos; fin
20075c34-1e7b-11ee-a424-557cb373497c; 1688922466; buscar por categorias; ini
20075c34-1e7b-11ee-a424-557cb373497c; 1688922466; buscar por categorias; fin
222307de-1e7b-11ee-a424-557cb373497c; 1688922469; buscar por categorias; ini
222307de-1e7b-11ee-a424-557cb373497c; 1688922469; buscar por categorias; fin
24b7c4b2-1e7b-11ee-a424-557cb373497c; 1688922474; buscar por categorias; ini
24b7c4b2-1e7b-11ee-a424-557cb373497c; 1688922474; buscar por categorias; fin
276dfa0a-1e7b-11ee-a424-557cb373497c; 1688922478; buscar por categorias; ini
276dfa0a-1e7b-11ee-a424-557cb373497c; 1688922478; buscar por categorias; fin
29db2010-1e7b-11ee-a424-557cb373497c; 1688922482; buscar por categorias; ini
29db2010-1e7b-11ee-a424-557cb373497c; 1688922482; buscar por categorias; fin
2c2ce7e0-1e7b-11ee-a424-557cb373497c; 1688922486; buscar por categorias; ini
2c2ce7e0-1e7b-11ee-a424-557cb373497c; 1688922486; buscar por categorias; fin
2e575140-1e7b-11ee-a424-557cb373497c; 1688922490; buscar por categorias; ini
2e575140-1e7b-11ee-a424-557cb373497c; 1688922490; buscar por categorias; fin
3086efac-1e7b-11ee-a424-557cb373497c; 1688922493; buscar por categorias; ini
3086efac-1e7b-11ee-a424-557cb373497c; 1688922493; buscar por categorias; fin
3285c4f4-1e7b-11ee-a424-557cb373497c; 1688922497; buscar por categorias; ini
3285c4f4-1e7b-11ee-a424-557cb373497c; 1688922497; buscar por categorias; fin
34ca4780-1e7b-11ee-a424-557cb373497c; 1688922501; buscar por categorias; ini
34ca4780-1e7b-11ee-a424-557cb373497c; 1688922501; buscar por categorias; fin
390a38c8-1e7b-11ee-a424-557cb373497c; 1688922508; buscar por categorias; ini
390a38c8-1e7b-11ee-a424-557cb373497c; 1688922508; buscar por categorias; fin
3c57809e-1e7b-11ee-a424-557cb373497c; 1688922513; buscar por categorias; ini
3c57809e-1e7b-11ee-a424-557cb373497c; 1688922513; buscar por categorias; fin
3e9f33ec-1e7b-11ee-a424-557cb373497c; 1688922517; buscar por categorias; ini
3e9f33ec-1e7b-11ee-a424-557cb373497c; 1688922517; buscar por categorias; fin
409e5fd8-1e7b-11ee-a424-557cb373497c; 1688922520; buscar por categorias; ini
409e5fd8-1e7b-11ee-a424-557cb373497c; 1688922520; buscar por categorias; fin
42c2076a-1e7b-11ee-a424-557cb373497c; 1688922524; buscar por categorias; ini
42c2076a-1e7b-11ee-a424-557cb373497c; 1688922524; buscar por categorias; fin
44b4779c-1e7b-11ee-a424-557cb373497c; 1688922527; buscar por categorias; ini
44b4779c-1e7b-11ee-a424-557cb373497c; 1688922527; buscar por categorias; fin
469eac6c-1e7b-11ee-a424-557cb373497c; 1688922530; buscar por categorias; ini
469eac6c-1e7b-11ee-a424-557cb373497c; 1688922530; buscar por categorias; fin
48b28424-1e7b-11ee-a424-557cb373497c; 1688922534; buscar por categorias; ini
48b28424-1e7b-11ee-a424-557cb373497c; 1688922534; buscar por categorias; fin
4ac8180a-1e7b-11ee-a424-557cb373497c; 1688922537; buscar por categorias; ini
4ac8180a-1e7b-11ee-a424-557cb373497c; 1688922537; buscar por categorias; fin
4c59907c-1e7b-11ee-a424-557cb373497c; 1688922540; buscar por categorias; ini
4c59907c-1e7b-11ee-a424-557cb373497c; 1688922540; buscar por categorias; fin
4edda0ea-1e7b-11ee-a424-557cb373497c; 1688922544; buscar por categorias; ini
4edda0ea-1e7b-11ee-a424-557cb373497c; 1688922544; buscar por categorias; fin
e98f8d4c-1e7b-11ee-a424-557cb373497c; 1688922804; buscar por productos; ini
e98f8d4c-1e7b-11ee-a424-557cb373497c; 1688922804; buscar por productos; fin
ebc18a2a-1e7b-11ee-a424-557cb373497c; 1688922808; buscar por productos; ini
ebc18a2a-1e7b-11ee-a424-557cb373497c; 1688922808; buscar por productos; fin
ed748912-1e7b-11ee-a424-557cb373497c; 1688922810; buscar por productos; ini
ed748912-1e7b-11ee-a424-557cb373497c; 1688922810; buscar por productos; fin
eef956b4-1e7b-11ee-a424-557cb373497c; 1688922813; buscar por productos; ini
eef956b4-1e7b-11ee-a424-557cb373497c; 1688922813; buscar por productos; fin
f059d150-1e7b-11ee-a424-557cb373497c; 1688922815; buscar por productos; ini
f059d150-1e7b-11ee-a424-557cb373497c; 1688922815; buscar por productos; fin
f1e48bd2-1e7b-11ee-a424-557cb373497c; 1688922818; buscar por productos; ini
f1e48bd2-1e7b-11ee-a424-557cb373497c; 1688922818; buscar por productos; fin
f37d828c-1e7b-11ee-a424-557cb373497c; 1688922820; buscar por productos; ini
f37d828c-1e7b-11ee-a424-557cb373497c; 1688922821; buscar por productos; fin
f50ae180-1e7b-11ee-a424-557cb373497c; 1688922823; buscar por productos; ini
f50ae180-1e7b-11ee-a424-557cb373497c; 1688922823; buscar por productos; fin
f679257c-1e7b-11ee-a424-557cb373497c; 1688922826; buscar por productos; ini
f679257c-1e7b-11ee-a424-557cb373497c; 1688922826; buscar por productos; fin
f7c4ba90-1e7b-11ee-a424-557cb373497c; 1688922828; buscar por productos; ini
f7c4ba90-1e7b-11ee-a424-557cb373497c; 1688922828; buscar por productos; fin
f93554ac-1e7b-11ee-a424-557cb373497c; 1688922830; buscar por productos; ini
f93554ac-1e7b-11ee-a424-557cb373497c; 1688922830; buscar por productos; fin
faac8e72-1e7b-11ee-a424-557cb373497c; 1688922833; buscar por productos; ini
faac8e72-1e7b-11ee-a424-557cb373497c; 1688922833; buscar por productos; fin
fc124cac-1e7b-11ee-a424-557cb373497c; 1688922835; buscar por productos; ini
fc124cac-1e7b-11ee-a424-557cb373497c; 1688922835; buscar por productos; fin
fdc18f36-1e7b-11ee-a424-557cb373497c; 1688922838; buscar por productos; ini
fdc18f36-1e7b-11ee-a424-557cb373497c; 1688922838; buscar por productos; fin
ff616a82-1e7b-11ee-a424-557cb373497c; 1688922840; buscar por productos; ini
ff616a82-1e7b-11ee-a424-557cb373497c; 1688922840; buscar por productos; fin
05b1dfb6-1e7c-11ee-a424-557cb373497c; 1688922851; buscar por productos; ini
05b1dfb6-1e7c-11ee-a424-557cb373497c; 1688922851; buscar por productos; fin
12c2dcbe-1e7c-11ee-a424-557cb373497c; 1688922873; buscar por productos; ini
12c2dcbe-1e7c-11ee-a424-557cb373497c; 1688922873; buscar por productos; fin
16ccf862-1e7c-11ee-a424-557cb373497c; 1688922880; buscar por productos; ini
16ccf862-1e7c-11ee-a424-557cb373497c; 1688922880; buscar por productos; fin
19a5255a-1e7c-11ee-a424-557cb373497c; 1688922885; buscar por productos; ini
19a5255a-1e7c-11ee-a424-557cb373497c; 1688922885; buscar por productos; fin
1b8fb1aa-1e7c-11ee-a424-557cb373497c; 1688922888; buscar por productos; ini
1b8fb1aa-1e7c-11ee-a424-557cb373497c; 1688922888; buscar por productos; fin
1e8ac002-1e7c-11ee-a424-557cb373497c; 1688922893; buscar por categorias; ini
1e8ac002-1e7c-11ee-a424-557cb373497c; 1688922893; buscar por categorias; fin
28b77b42-1e7c-11ee-a424-557cb373497c; 1688922910; buscar por categorias; ini
28b77b42-1e7c-11ee-a424-557cb373497c; 1688922910; buscar por categorias; fin
2aa3a84a-1e7c-11ee-a424-557cb373497c; 1688922913; buscar por categorias; ini
2aa3a84a-1e7c-11ee-a424-557cb373497c; 1688922913; buscar por categorias; fin
2bbef8f6-1e7c-11ee-a424-557cb373497c; 1688922915; buscar por categorias; ini
2bbef8f6-1e7c-11ee-a424-557cb373497c; 1688922915; buscar por categorias; fin
2d10ec0a-1e7c-11ee-a424-557cb373497c; 1688922917; buscar por categorias; ini
2d10ec0a-1e7c-11ee-a424-557cb373497c; 1688922917; buscar por categorias; fin
2e104d44-1e7c-11ee-a424-557cb373497c; 1688922919; buscar por categorias; ini
2e104d44-1e7c-11ee-a424-557cb373497c; 1688922919; buscar por categorias; fin
2f0a2ff8-1e7c-11ee-a424-557cb373497c; 1688922920; buscar por categorias; ini
2f0a2ff8-1e7c-11ee-a424-557cb373497c; 1688922920; buscar por categorias; fin
304a3250-1e7c-11ee-a424-557cb373497c; 1688922923; buscar por categorias; ini
304a3250-1e7c-11ee-a424-557cb373497c; 1688922923; buscar por categorias; fin
313c2f4c-1e7c-11ee-a424-557cb373497c; 1688922924; buscar por categorias; ini
313c2f4c-1e7c-11ee-a424-557cb373497c; 1688922924; buscar por categorias; fin
31f70556-1e7c-11ee-a424-557cb373497c; 1688922925; buscar por categorias; ini
31f70556-1e7c-11ee-a424-557cb373497c; 1688922925; buscar por categorias; fin
32d5e4a6-1e7c-11ee-a424-557cb373497c; 1688922927; buscar por categorias; ini
32d5e4a6-1e7c-11ee-a424-557cb373497c; 1688922927; buscar por categorias; fin
33ce821e-1e7c-11ee-a424-557cb373497c; 1688922928; buscar por categorias; ini
33ce821e-1e7c-11ee-a424-557cb373497c; 1688922928; buscar por categorias; fin
34994530-1e7c-11ee-a424-557cb373497c; 1688922930; buscar por categorias; ini
34994530-1e7c-11ee-a424-557cb373497c; 1688922930; buscar por categorias; fin
354343f0-1e7c-11ee-a424-557cb373497c; 1688922931; buscar por categorias; ini
354343f0-1e7c-11ee-a424-557cb373497c; 1688922931; buscar por categorias; fin
35e33d9c-1e7c-11ee-a424-557cb373497c; 1688922932; buscar por categorias; ini
35e33d9c-1e7c-11ee-a424-557cb373497c; 1688922932; buscar por categorias; fin
368139ca-1e7c-11ee-a424-557cb373497c; 1688922933; buscar por categorias; ini
368139ca-1e7c-11ee-a424-557cb373497c; 1688922933; buscar por categorias; fin
3762cd18-1e7c-11ee-a424-557cb373497c; 1688922934; buscar por categorias; ini
3762cd18-1e7c-11ee-a424-557cb373497c; 1688922934; buscar por categorias; fin
382ad9e8-1e7c-11ee-a424-557cb373497c; 1688922936; buscar por categorias; ini
382ad9e8-1e7c-11ee-a424-557cb373497c; 1688922936; buscar por categorias; fin
38d8493e-1e7c-11ee-a424-557cb373497c; 1688922937; buscar por categorias; ini
38d8493e-1e7c-11ee-a424-557cb373497c; 1688922937; buscar por categorias; fin
398357f2-1e7c-11ee-a424-557cb373497c; 1688922938; buscar por categorias; ini
398357f2-1e7c-11ee-a424-557cb373497c; 1688922938; buscar por categorias; fin
6531b758-1e7d-11ee-a424-557cb373497c; 1688923441; buscar por productos; ini
6531b758-1e7d-11ee-a424-557cb373497c; 1688923441; buscar por productos; fin
674be446-1e7d-11ee-a424-557cb373497c; 1688923444; buscar por productos; ini
674be446-1e7d-11ee-a424-557cb373497c; 1688923444; buscar por productos; fin
6890a95e-1e7d-11ee-a424-557cb373497c; 1688923446; buscar por productos; ini
6890a95e-1e7d-11ee-a424-557cb373497c; 1688923446; buscar por productos; fin
69b66c6a-1e7d-11ee-a424-557cb373497c; 1688923448; buscar por productos; ini
69b66c6a-1e7d-11ee-a424-557cb373497c; 1688923448; buscar por productos; fin
6b396f56-1e7d-11ee-a424-557cb373497c; 1688923451; buscar por productos; ini
6b396f56-1e7d-11ee-a424-557cb373497c; 1688923451; buscar por productos; fin
6c78632c-1e7d-11ee-a424-557cb373497c; 1688923453; buscar por productos; ini
6c78632c-1e7d-11ee-a424-557cb373497c; 1688923453; buscar por productos; fin
6d957b5a-1e7d-11ee-a424-557cb373497c; 1688923455; buscar por productos; ini
6d957b5a-1e7d-11ee-a424-557cb373497c; 1688923455; buscar por productos; fin
6eb042f4-1e7d-11ee-a424-557cb373497c; 1688923457; buscar por productos; ini
6eb042f4-1e7d-11ee-a424-557cb373497c; 1688923457; buscar por productos; fin
6fa138a8-1e7d-11ee-a424-557cb373497c; 1688923458; buscar por productos; ini
6fa138a8-1e7d-11ee-a424-557cb373497c; 1688923458; buscar por productos; fin
70c0abf6-1e7d-11ee-a424-557cb373497c; 1688923460; buscar por productos; ini
70c0abf6-1e7d-11ee-a424-557cb373497c; 1688923460; buscar por productos; fin
71cb41aa-1e7d-11ee-a424-557cb373497c; 1688923462; buscar por productos; ini
71cb41aa-1e7d-11ee-a424-557cb373497c; 1688923462; buscar por productos; fin
733f7628-1e7d-11ee-a424-557cb373497c; 1688923464; buscar por productos; ini
733f7628-1e7d-11ee-a424-557cb373497c; 1688923464; buscar por productos; fin
748aac5a-1e7d-11ee-a424-557cb373497c; 1688923467; buscar por productos; ini
748aac5a-1e7d-11ee-a424-557cb373497c; 1688923467; buscar por productos; fin
756e6cf6-1e7d-11ee-a424-557cb373497c; 1688923468; buscar por productos; ini
756e6cf6-1e7d-11ee-a424-557cb373497c; 1688923468; buscar por productos; fin
76b2dc46-1e7d-11ee-a424-557cb373497c; 1688923470; buscar por productos; ini
76b2dc46-1e7d-11ee-a424-557cb373497c; 1688923470; buscar por productos; fin
77c0f4ba-1e7d-11ee-a424-557cb373497c; 1688923472; buscar por productos; ini
77c0f4ba-1e7d-11ee-a424-557cb373497c; 1688923472; buscar por productos; fin
78ba934e-1e7d-11ee-a424-557cb373497c; 1688923474; buscar por productos; ini
78ba934e-1e7d-11ee-a424-557cb373497c; 1688923474; buscar por productos; fin
799450e8-1e7d-11ee-a424-557cb373497c; 1688923475; buscar por productos; ini
799450e8-1e7d-11ee-a424-557cb373497c; 1688923475; buscar por productos; fin
7a6b1bb4-1e7d-11ee-a424-557cb373497c; 1688923476; buscar por productos; ini
7a6b1bb4-1e7d-11ee-a424-557cb373497c; 1688923476; buscar por productos; fin
7b64dcbc-1e7d-11ee-a424-557cb373497c; 1688923478; buscar por productos; ini
7b64dcbc-1e7d-11ee-a424-557cb373497c; 1688923478; buscar por productos; fin
81134c7a-1e7d-11ee-a424-557cb373497c; 1688923488; buscar por categorias; ini
81134c7a-1e7d-11ee-a424-557cb373497c; 1688923488; buscar por categorias; fin
8360057c-1e7d-11ee-a424-557cb373497c; 1688923491; buscar por categorias; ini
8360057c-1e7d-11ee-a424-557cb373497c; 1688923491; buscar por categorias; fin
8702dfec-1e7d-11ee-a424-557cb373497c; 1688923497; buscar por categorias; ini
8702dfec-1e7d-11ee-a424-557cb373497c; 1688923498; buscar por categorias; fin
8b455904-1e7d-11ee-a424-557cb373497c; 1688923505; buscar por categorias; ini
8b455904-1e7d-11ee-a424-557cb373497c; 1688923505; buscar por categorias; fin
8e6efaa4-1e7d-11ee-a424-557cb373497c; 1688923510; buscar por categorias; ini
8e6efaa4-1e7d-11ee-a424-557cb373497c; 1688923510; buscar por categorias; fin
913b7b5e-1e7d-11ee-a424-557cb373497c; 1688923515; buscar por categorias; ini
913b7b5e-1e7d-11ee-a424-557cb373497c; 1688923515; buscar por categorias; fin
ac7b47e6-1e7d-11ee-a424-557cb373497c; 1688923560; buscar por categorias; ini
ac7b47e6-1e7d-11ee-a424-557cb373497c; 1688923560; buscar por categorias; fin
af23e2d2-1e7d-11ee-a424-557cb373497c; 1688923565; buscar por categorias; ini
af23e2d2-1e7d-11ee-a424-557cb373497c; 1688923565; buscar por categorias; fin
b25c6c08-1e7d-11ee-a424-557cb373497c; 1688923570; buscar por categorias; ini
b25c6c08-1e7d-11ee-a424-557cb373497c; 1688923570; buscar por categorias; fin
b5e94ec2-1e7d-11ee-a424-557cb373497c; 1688923576; buscar por categorias; ini
b5e94ec2-1e7d-11ee-a424-557cb373497c; 1688923576; buscar por categorias; fin
bd5b1a82-1e7d-11ee-a424-557cb373497c; 1688923589; buscar por categorias; ini
bd5b1a82-1e7d-11ee-a424-557cb373497c; 1688923589; buscar por categorias; fin
c05eb0fe-1e7d-11ee-a424-557cb373497c; 1688923594; buscar por categorias; ini
c05eb0fe-1e7d-11ee-a424-557cb373497c; 1688923594; buscar por categorias; fin
c3ffdc1a-1e7d-11ee-a424-557cb373497c; 1688923600; buscar por categorias; ini
c3ffdc1a-1e7d-11ee-a424-557cb373497c; 1688923600; buscar por categorias; fin
c7bac89c-1e7d-11ee-a424-557cb373497c; 1688923606; buscar por categorias; ini
c7bac89c-1e7d-11ee-a424-557cb373497c; 1688923606; buscar por categorias; fin
cb788ba4-1e7d-11ee-a424-557cb373497c; 1688923612; buscar por categorias; ini
cb788ba4-1e7d-11ee-a424-557cb373497c; 1688923612; buscar por categorias; fin
ceb508c4-1e7d-11ee-a424-557cb373497c; 1688923618; buscar por categorias; ini
ceb508c4-1e7d-11ee-a424-557cb373497c; 1688923618; buscar por categorias; fin
d17b1e04-1e7d-11ee-a424-557cb373497c; 1688923622; buscar por categorias; ini
d17b1e04-1e7d-11ee-a424-557cb373497c; 1688923622; buscar por categorias; fin
d3c6b8d0-1e7d-11ee-a424-557cb373497c; 1688923626; buscar por categorias; ini
d3c6b8d0-1e7d-11ee-a424-557cb373497c; 1688923626; buscar por categorias; fin
d7170922-1e7d-11ee-a424-557cb373497c; 1688923632; buscar por categorias; ini
d7170922-1e7d-11ee-a424-557cb373497c; 1688923632; buscar por categorias; fin
d96bc848-1e7d-11ee-a424-557cb373497c; 1688923636; buscar por categorias; ini
d96bc848-1e7d-11ee-a424-557cb373497c; 1688923636; buscar por categorias; fin
58554be8-1e7e-11ee-a424-557cb373497c; 1688923849; buscar por productos; ini
58554be8-1e7e-11ee-a424-557cb373497c; 1688923849; buscar por productos; fin
602192dc-1e7e-11ee-a424-557cb373497c; 1688923862; buscar por productos; ini
602192dc-1e7e-11ee-a424-557cb373497c; 1688923863; buscar por productos; fin
6680fb36-1e7e-11ee-a424-557cb373497c; 1688923872; buscar por productos; ini
6680fb36-1e7e-11ee-a424-557cb373497c; 1688923873; buscar por productos; fin
6e370122-1e7e-11ee-a424-557cb373497c; 1688923885; buscar por productos; ini
6e370122-1e7e-11ee-a424-557cb373497c; 1688923886; buscar por productos; fin
798c935c-1e7e-11ee-a424-557cb373497c; 1688923904; buscar por productos; ini
798c935c-1e7e-11ee-a424-557cb373497c; 1688923905; buscar por productos; fin
7ed117c0-1e7e-11ee-a424-557cb373497c; 1688923913; buscar por productos; ini
7ed117c0-1e7e-11ee-a424-557cb373497c; 1688923914; buscar por productos; fin
85916f74-1e7e-11ee-a424-557cb373497c; 1688923925; buscar por productos; ini
85916f74-1e7e-11ee-a424-557cb373497c; 1688923925; buscar por productos; fin
8bd3f05a-1e7e-11ee-a424-557cb373497c; 1688923935; buscar por productos; ini
8bd3f05a-1e7e-11ee-a424-557cb373497c; 1688923936; buscar por productos; fin
90e36134-1e7e-11ee-a424-557cb373497c; 1688923944; buscar por productos; ini
90e36134-1e7e-11ee-a424-557cb373497c; 1688923944; buscar por productos; fin
9602001c-1e7e-11ee-a424-557cb373497c; 1688923952; buscar por productos; ini
9602001c-1e7e-11ee-a424-557cb373497c; 1688923953; buscar por productos; fin
9aba6496-1e7e-11ee-a424-557cb373497c; 1688923960; buscar por productos; ini
9aba6496-1e7e-11ee-a424-557cb373497c; 1688923961; buscar por productos; fin
9fb75b3e-1e7e-11ee-a424-557cb373497c; 1688923968; buscar por productos; ini
9fb75b3e-1e7e-11ee-a424-557cb373497c; 1688923969; buscar por productos; fin
a6d637be-1e7e-11ee-a424-557cb373497c; 1688923980; buscar por productos; ini
a6d637be-1e7e-11ee-a424-557cb373497c; 1688923981; buscar por productos; fin
ac0116d2-1e7e-11ee-a424-557cb373497c; 1688923989; buscar por productos; ini
ac0116d2-1e7e-11ee-a424-557cb373497c; 1688923990; buscar por productos; fin
b0ba4b26-1e7e-11ee-a424-557cb373497c; 1688923997; buscar por productos; ini
b0ba4b26-1e7e-11ee-a424-557cb373497c; 1688923998; buscar por productos; fin
b9f77240-1e7e-11ee-a424-557cb373497c; 1688924012; buscar por productos; ini
b9f77240-1e7e-11ee-a424-557cb373497c; 1688924013; buscar por productos; fin
bfd69704-1e7e-11ee-a424-557cb373497c; 1688924022; buscar por productos; ini
bfd69704-1e7e-11ee-a424-557cb373497c; 1688924023; buscar por productos; fin
c633bba4-1e7e-11ee-a424-557cb373497c; 1688924033; buscar por productos; ini
c633bba4-1e7e-11ee-a424-557cb373497c; 1688924034; buscar por productos; fin
d048d6ce-1e7e-11ee-a424-557cb373497c; 1688924050; buscar por productos; ini
d048d6ce-1e7e-11ee-a424-557cb373497c; 1688924051; buscar por productos; fin
d622b998-1e7e-11ee-a424-557cb373497c; 1688924060; buscar por productos; ini
d622b998-1e7e-11ee-a424-557cb373497c; 1688924060; buscar por productos; fin
e12f58be-1e7e-11ee-a424-557cb373497c; 1688924078; buscar por categorias; ini
e12f58be-1e7e-11ee-a424-557cb373497c; 1688924079; buscar por categorias; fin
f5d43a0a-1e7e-11ee-a424-557cb373497c; 1688924113; buscar por categorias; ini
f5d43a0a-1e7e-11ee-a424-557cb373497c; 1688924113; buscar por categorias; fin
0b6e3866-1e7f-11ee-a424-557cb373497c; 1688924149; buscar por categorias; ini
0b6e3866-1e7f-11ee-a424-557cb373497c; 1688924150; buscar por categorias; fin
2722ee30-1e7f-11ee-a424-557cb373497c; 1688924196; buscar por categorias; ini
2722ee30-1e7f-11ee-a424-557cb373497c; 1688924196; buscar por categorias; fin
47bda590-1e7f-11ee-a424-557cb373497c; 1688924250; buscar por categorias; ini
47bda590-1e7f-11ee-a424-557cb373497c; 1688924251; buscar por categorias; fin
5cec7afe-1e7f-11ee-a424-557cb373497c; 1688924286; buscar por categorias; ini
5cec7afe-1e7f-11ee-a424-557cb373497c; 1688924286; buscar por categorias; fin
7251b378-1e7f-11ee-a424-557cb373497c; 1688924322; buscar por categorias; ini
7251b378-1e7f-11ee-a424-557cb373497c; 1688924322; buscar por categorias; fin
86a3d4b4-1e7f-11ee-a424-557cb373497c; 1688924356; buscar por categorias; ini
86a3d4b4-1e7f-11ee-a424-557cb373497c; 1688924356; buscar por categorias; fin
a7d9d0a2-1e7f-11ee-a424-557cb373497c; 1688924412; buscar por categorias; ini
a7d9d0a2-1e7f-11ee-a424-557cb373497c; 1688924412; buscar por categorias; fin
bee8d720-1e7f-11ee-a424-557cb373497c; 1688924450; buscar por categorias; ini
bee8d720-1e7f-11ee-a424-557cb373497c; 1688924451; buscar por categorias; fin
d85721a8-1e7f-11ee-a424-557cb373497c; 1688924493; buscar por categorias; ini
d85721a8-1e7f-11ee-a424-557cb373497c; 1688924493; buscar por categorias; fin
f16540bc-1e7f-11ee-a424-557cb373497c; 1688924535; buscar por categorias; ini
f16540bc-1e7f-11ee-a424-557cb373497c; 1688924535; buscar por categorias; fin
0b6f2586-1e80-11ee-a424-557cb373497c; 1688924579; buscar por categorias; ini
0b6f2586-1e80-11ee-a424-557cb373497c; 1688924579; buscar por categorias; fin
49597658-1e80-11ee-a424-557cb373497c; 1688924683; buscar por categorias; ini
49597658-1e80-11ee-a424-557cb373497c; 1688924683; buscar por categorias; fin
5d601c06-1e80-11ee-a424-557cb373497c; 1688924716; buscar por categorias; ini
5d601c06-1e80-11ee-a424-557cb373497c; 1688924717; buscar por categorias; fin
72a71452-1e80-11ee-a424-557cb373497c; 1688924752; buscar por categorias; ini
72a71452-1e80-11ee-a424-557cb373497c; 1688924752; buscar por categorias; fin
89486904-1e80-11ee-a424-557cb373497c; 1688924790; buscar por categorias; ini
89486904-1e80-11ee-a424-557cb373497c; 1688924790; buscar por categorias; fin
9f6512aa-1e80-11ee-a424-557cb373497c; 1688924827; buscar por categorias; ini
9f6512aa-1e80-11ee-a424-557cb373497c; 1688924827; buscar por categorias; fin
b5bd70a6-1e80-11ee-a424-557cb373497c; 1688924864; buscar por categorias; ini
b5bd70a6-1e80-11ee-a424-557cb373497c; 1688924865; buscar por categorias; fin
cbca6d36-1e80-11ee-a424-557cb373497c; 1688924901; buscar por categorias; ini
cbca6d36-1e80-11ee-a424-557cb373497c; 1688924902; buscar por categorias; fin
b0f7b260-1e81-11ee-a424-557cb373497c; 1688925286; buscar por productos; ini
b0f7b260-1e81-11ee-a424-557cb373497c; 1688925290; buscar por productos; fin
df9169f4-1e81-11ee-a424-557cb373497c; 1688925364; buscar por productos; ini
df9169f4-1e81-11ee-a424-557cb373497c; 1688925370; buscar por productos; fin
f2a918ac-1e81-11ee-a424-557cb373497c; 1688925396; buscar por productos; ini
f2a918ac-1e81-11ee-a424-557cb373497c; 1688925397; buscar por productos; fin
fb4b9e8a-1e81-11ee-a424-557cb373497c; 1688925411; buscar por productos; ini
fb4b9e8a-1e81-11ee-a424-557cb373497c; 1688925411; buscar por productos; fin
0421f8ba-1e82-11ee-a424-557cb373497c; 1688925425; buscar por productos; ini
0421f8ba-1e82-11ee-a424-557cb373497c; 1688925426; buscar por productos; fin
0fd83cc8-1e82-11ee-a424-557cb373497c; 1688925445; buscar por productos; ini
0fd83cc8-1e82-11ee-a424-557cb373497c; 1688925446; buscar por productos; fin
1809a922-1e82-11ee-a424-557cb373497c; 1688925459; buscar por productos; ini
1809a922-1e82-11ee-a424-557cb373497c; 1688925460; buscar por productos; fin
2167b8c4-1e82-11ee-a424-557cb373497c; 1688925475; buscar por productos; ini
2167b8c4-1e82-11ee-a424-557cb373497c; 1688925475; buscar por productos; fin
29f8d87e-1e82-11ee-a424-557cb373497c; 1688925489; buscar por productos; ini
29f8d87e-1e82-11ee-a424-557cb373497c; 1688925490; buscar por productos; fin
316feb92-1e82-11ee-a424-557cb373497c; 1688925501; buscar por productos; ini
316feb92-1e82-11ee-a424-557cb373497c; 1688925502; buscar por productos; fin
3a0b5ade-1e82-11ee-a424-557cb373497c; 1688925516; buscar por productos; ini
3a0b5ade-1e82-11ee-a424-557cb373497c; 1688925517; buscar por productos; fin
55dab674-1e82-11ee-a424-557cb373497c; 1688925563; buscar por productos; ini
55dab674-1e82-11ee-a424-557cb373497c; 1688925568; buscar por productos; fin
674deab6-1e82-11ee-a424-557cb373497c; 1688925592; buscar por productos; ini
674deab6-1e82-11ee-a424-557cb373497c; 1688925593; buscar por productos; fin
825aa100-1e82-11ee-a424-557cb373497c; 1688925637; buscar por productos; ini
825aa100-1e82-11ee-a424-557cb373497c; 1688925638; buscar por productos; fin
8ed97ec4-1e82-11ee-a424-557cb373497c; 1688925658; buscar por productos; ini
8ed97ec4-1e82-11ee-a424-557cb373497c; 1688925659; buscar por productos; fin
9b6270ba-1e82-11ee-a424-557cb373497c; 1688925679; buscar por productos; ini
9b6270ba-1e82-11ee-a424-557cb373497c; 1688925680; buscar por productos; fin
a57590b4-1e82-11ee-a424-557cb373497c; 1688925696; buscar por productos; ini
a57590b4-1e82-11ee-a424-557cb373497c; 1688925697; buscar por productos; fin
b160e19e-1e82-11ee-a424-557cb373497c; 1688925716; buscar por productos; ini
b160e19e-1e82-11ee-a424-557cb373497c; 1688925717; buscar por productos; fin
ca0cca28-1e82-11ee-a424-557cb373497c; 1688925757; buscar por productos; ini
ca0cca28-1e82-11ee-a424-557cb373497c; 1688925758; buscar por productos; fin
e61a80a2-1e82-11ee-a424-557cb373497c; 1688925805; buscar por categorias; ini
e61a80a2-1e82-11ee-a424-557cb373497c; 1688925806; buscar por categorias; fin
085875de-1e83-11ee-a424-557cb373497c; 1688925862; buscar por categorias; ini
085875de-1e83-11ee-a424-557cb373497c; 1688925866; buscar por categorias; fin
3867d206-1e83-11ee-a424-557cb373497c; 1688925943; buscar por categorias; ini
3867d206-1e83-11ee-a424-557cb373497c; 1688925950; buscar por categorias; fin
5da85568-1e83-11ee-a424-557cb373497c; 1688926005; buscar por categorias; ini
5da85568-1e83-11ee-a424-557cb373497c; 1688926014; buscar por categorias; fin
b05d60a0-1e83-11ee-a424-557cb373497c; 1688926144; buscar por categorias; ini
b05d60a0-1e83-11ee-a424-557cb373497c; 1688926153; buscar por categorias; fin
0451a2a2-1e84-11ee-a424-557cb373497c; 1688926285; buscar por categorias; ini
0451a2a2-1e84-11ee-a424-557cb373497c; 1688926294; buscar por categorias; fin
2776fb06-1e84-11ee-a424-557cb373497c; 1688926344; buscar por categorias; ini
2776fb06-1e84-11ee-a424-557cb373497c; 1688926351; buscar por categorias; fin
609a5e46-1e84-11ee-a424-557cb373497c; 1688926440; buscar por categorias; ini
609a5e46-1e84-11ee-a424-557cb373497c; 1688926449; buscar por categorias; fin
abd5727e-1e84-11ee-a424-557cb373497c; 1688926566; buscar por categorias; ini
abd5727e-1e84-11ee-a424-557cb373497c; 1688926570; buscar por categorias; fin
d3dfecea-1e84-11ee-a424-557cb373497c; 1688926633; buscar por categorias; ini
d3dfecea-1e84-11ee-a424-557cb373497c; 1688926640; buscar por categorias; fin
0215065e-1e85-11ee-a424-557cb373497c; 1688926710; buscar por categorias; ini
0215065e-1e85-11ee-a424-557cb373497c; 1688926714; buscar por categorias; fin
1bc2a250-1e85-11ee-a424-557cb373497c; 1688926754; buscar por categorias; ini
1bc2a250-1e85-11ee-a424-557cb373497c; 1688926761; buscar por categorias; fin
566072b6-1e85-11ee-a424-557cb373497c; 1688926852; buscar por categorias; ini
566072b6-1e85-11ee-a424-557cb373497c; 1688926857; buscar por categorias; fin
9be69e82-1e85-11ee-a424-557cb373497c; 1688926969; buscar por categorias; ini
9be69e82-1e85-11ee-a424-557cb373497c; 1688926974; buscar por categorias; fin
c2025098-1e85-11ee-a424-557cb373497c; 1688927032; buscar por categorias; ini
c2025098-1e85-11ee-a424-557cb373497c; 1688927040; buscar por categorias; fin
