ce3f6574-1e78-11ee-a424-557cb373497c; 1688921470; buscar por productos; ini
ce3f6574-1e78-11ee-a424-557cb373497c; 1688921470; buscar por productos; fin
dccf8510-1e78-11ee-a424-557cb373497c; 1688921494; buscar por productos; ini
dccf8510-1e78-11ee-a424-557cb373497c; 1688921494; buscar por productos; fin
df21751c-1e78-11ee-a424-557cb373497c; 1688921498; buscar por productos; ini
df21751c-1e78-11ee-a424-557cb373497c; 1688921498; buscar por productos; fin
e1c557ac-1e78-11ee-a424-557cb373497c; 1688921502; buscar por productos; ini
e1c557ac-1e78-11ee-a424-557cb373497c; 1688921502; buscar por productos; fin
e3edac00-1e78-11ee-a424-557cb373497c; 1688921506; buscar por productos; ini
e3edac00-1e78-11ee-a424-557cb373497c; 1688921506; buscar por productos; fin
e5de10ea-1e78-11ee-a424-557cb373497c; 1688921509; buscar por productos; ini
e5de10ea-1e78-11ee-a424-557cb373497c; 1688921509; buscar por productos; fin
e81b4e90-1e78-11ee-a424-557cb373497c; 1688921513; buscar por productos; ini
e81b4e90-1e78-11ee-a424-557cb373497c; 1688921513; buscar por productos; fin
eb0ca806-1e78-11ee-a424-557cb373497c; 1688921518; buscar por productos; ini
eb0ca806-1e78-11ee-a424-557cb373497c; 1688921518; buscar por productos; fin
eeb39780-1e78-11ee-a424-557cb373497c; 1688921524; buscar por productos; ini
eeb39780-1e78-11ee-a424-557cb373497c; 1688921524; buscar por productos; fin
f19e5ae8-1e78-11ee-a424-557cb373497c; 1688921529; buscar por productos; ini
f19e5ae8-1e78-11ee-a424-557cb373497c; 1688921529; buscar por productos; fin
f475ddae-1e78-11ee-a424-557cb373497c; 1688921534; buscar por productos; ini
f475ddae-1e78-11ee-a424-557cb373497c; 1688921534; buscar por productos; fin
f76f3d8e-1e78-11ee-a424-557cb373497c; 1688921539; buscar por productos; ini
f76f3d8e-1e78-11ee-a424-557cb373497c; 1688921539; buscar por productos; fin
fa355aee-1e78-11ee-a424-557cb373497c; 1688921543; buscar por productos; ini
fa355aee-1e78-11ee-a424-557cb373497c; 1688921543; buscar por productos; fin
fd09676a-1e78-11ee-a424-557cb373497c; 1688921548; buscar por productos; ini
fd09676a-1e78-11ee-a424-557cb373497c; 1688921548; buscar por productos; fin
ff9128b0-1e78-11ee-a424-557cb373497c; 1688921552; buscar por productos; ini
ff9128b0-1e78-11ee-a424-557cb373497c; 1688921552; buscar por productos; fin
01996596-1e79-11ee-a424-557cb373497c; 1688921556; buscar por productos; ini
01996596-1e79-11ee-a424-557cb373497c; 1688921556; buscar por productos; fin
040643e4-1e79-11ee-a424-557cb373497c; 1688921560; buscar por productos; ini
040643e4-1e79-11ee-a424-557cb373497c; 1688921560; buscar por productos; fin
065528c2-1e79-11ee-a424-557cb373497c; 1688921564; buscar por productos; ini
065528c2-1e79-11ee-a424-557cb373497c; 1688921564; buscar por productos; fin
08a24628-1e79-11ee-a424-557cb373497c; 1688921567; buscar por productos; ini
08a24628-1e79-11ee-a424-557cb373497c; 1688921567; buscar por productos; fin
0ab58894-1e79-11ee-a424-557cb373497c; 1688921571; buscar por productos; ini
0ab58894-1e79-11ee-a424-557cb373497c; 1688921571; buscar por productos; fin
2280f80a-1e79-11ee-a424-557cb373497c; 1688921611; buscar por categorias; ini
2280f80a-1e79-11ee-a424-557cb373497c; 1688921611; buscar por categorias; fin
250465f8-1e79-11ee-a424-557cb373497c; 1688921615; buscar por categorias; ini
250465f8-1e79-11ee-a424-557cb373497c; 1688921615; buscar por categorias; fin
2768534a-1e79-11ee-a424-557cb373497c; 1688921619; buscar por categorias; ini
2768534a-1e79-11ee-a424-557cb373497c; 1688921619; buscar por categorias; fin
2a43f790-1e79-11ee-a424-557cb373497c; 1688921624; buscar por categorias; ini
2a43f790-1e79-11ee-a424-557cb373497c; 1688921624; buscar por categorias; fin
2c6feb50-1e79-11ee-a424-557cb373497c; 1688921628; buscar por categorias; ini
2c6feb50-1e79-11ee-a424-557cb373497c; 1688921628; buscar por categorias; fin
2e5bace2-1e79-11ee-a424-557cb373497c; 1688921631; buscar por categorias; ini
2e5bace2-1e79-11ee-a424-557cb373497c; 1688921631; buscar por categorias; fin
307b3a9c-1e79-11ee-a424-557cb373497c; 1688921634; buscar por categorias; ini
307b3a9c-1e79-11ee-a424-557cb373497c; 1688921634; buscar por categorias; fin
331f17b4-1e79-11ee-a424-557cb373497c; 1688921639; buscar por categorias; ini
331f17b4-1e79-11ee-a424-557cb373497c; 1688921639; buscar por categorias; fin
36847d9a-1e79-11ee-a424-557cb373497c; 1688921644; buscar por categorias; ini
36847d9a-1e79-11ee-a424-557cb373497c; 1688921644; buscar por categorias; fin
389902cc-1e79-11ee-a424-557cb373497c; 1688921648; buscar por categorias; ini
389902cc-1e79-11ee-a424-557cb373497c; 1688921648; buscar por categorias; fin
3a6a0ed4-1e79-11ee-a424-557cb373497c; 1688921651; buscar por categorias; ini
3a6a0ed4-1e79-11ee-a424-557cb373497c; 1688921651; buscar por categorias; fin
3c10386c-1e79-11ee-a424-557cb373497c; 1688921654; buscar por categorias; ini
3c10386c-1e79-11ee-a424-557cb373497c; 1688921654; buscar por categorias; fin
3df6369a-1e79-11ee-a424-557cb373497c; 1688921657; buscar por categorias; ini
3df6369a-1e79-11ee-a424-557cb373497c; 1688921657; buscar por categorias; fin
3fbcd290-1e79-11ee-a424-557cb373497c; 1688921660; buscar por categorias; ini
3fbcd290-1e79-11ee-a424-557cb373497c; 1688921660; buscar por categorias; fin
42004956-1e79-11ee-a424-557cb373497c; 1688921664; buscar por categorias; ini
42004956-1e79-11ee-a424-557cb373497c; 1688921664; buscar por categorias; fin
44003766-1e79-11ee-a424-557cb373497c; 1688921667; buscar por categorias; ini
44003766-1e79-11ee-a424-557cb373497c; 1688921667; buscar por categorias; fin
461c578c-1e79-11ee-a424-557cb373497c; 1688921671; buscar por categorias; ini
461c578c-1e79-11ee-a424-557cb373497c; 1688921671; buscar por categorias; fin
47f4e39e-1e79-11ee-a424-557cb373497c; 1688921674; buscar por categorias; ini
47f4e39e-1e79-11ee-a424-557cb373497c; 1688921674; buscar por categorias; fin
4a484f3c-1e79-11ee-a424-557cb373497c; 1688921678; buscar por categorias; ini
4a484f3c-1e79-11ee-a424-557cb373497c; 1688921678; buscar por categorias; fin
4c4718c2-1e79-11ee-a424-557cb373497c; 1688921681; buscar por categorias; ini
4c4718c2-1e79-11ee-a424-557cb373497c; 1688921681; buscar por categorias; fin
4e622f06-1e7a-11ee-a424-557cb373497c; 1688922114; buscar por productos; ini
4e622f06-1e7a-11ee-a424-557cb373497c; 1688922114; buscar por productos; fin
54698d22-1e7a-11ee-a424-557cb373497c; 1688922124; buscar por productos; ini
54698d22-1e7a-11ee-a424-557cb373497c; 1688922124; buscar por productos; fin
56ea4c4e-1e7a-11ee-a424-557cb373497c; 1688922128; buscar por productos; ini
56ea4c4e-1e7a-11ee-a424-557cb373497c; 1688922128; buscar por productos; fin
6ff8d4f8-1e7a-11ee-a424-557cb373497c; 1688922170; buscar por productos; ini
6ff8d4f8-1e7a-11ee-a424-557cb373497c; 1688922170; buscar por productos; fin
71f40700-1e7a-11ee-a424-557cb373497c; 1688922174; buscar por productos; ini
71f40700-1e7a-11ee-a424-557cb373497c; 1688922174; buscar por productos; fin
744ca4da-1e7a-11ee-a424-557cb373497c; 1688922178; buscar por productos; ini
744ca4da-1e7a-11ee-a424-557cb373497c; 1688922178; buscar por productos; fin
79b7b928-1e7a-11ee-a424-557cb373497c; 1688922187; buscar por productos; ini
79b7b928-1e7a-11ee-a424-557cb373497c; 1688922187; buscar por productos; fin
7b94d780-1e7a-11ee-a424-557cb373497c; 1688922190; buscar por productos; ini
7b94d780-1e7a-11ee-a424-557cb373497c; 1688922190; buscar por productos; fin
7d4996c4-1e7a-11ee-a424-557cb373497c; 1688922193; buscar por productos; ini
7d4996c4-1e7a-11ee-a424-557cb373497c; 1688922193; buscar por productos; fin
7f39a8e8-1e7a-11ee-a424-557cb373497c; 1688922196; buscar por productos; ini
7f39a8e8-1e7a-11ee-a424-557cb373497c; 1688922196; buscar por productos; fin
80d8a88e-1e7a-11ee-a424-557cb373497c; 1688922199; buscar por productos; ini
80d8a88e-1e7a-11ee-a424-557cb373497c; 1688922199; buscar por productos; fin
824d68a8-1e7a-11ee-a424-557cb373497c; 1688922201; buscar por productos; ini
824d68a8-1e7a-11ee-a424-557cb373497c; 1688922201; buscar por productos; fin
83a532da-1e7a-11ee-a424-557cb373497c; 1688922203; buscar por productos; ini
83a532da-1e7a-11ee-a424-557cb373497c; 1688922203; buscar por productos; fin
856ea8da-1e7a-11ee-a424-557cb373497c; 1688922206; buscar por productos; ini
856ea8da-1e7a-11ee-a424-557cb373497c; 1688922206; buscar por productos; fin
88149ac2-1e7a-11ee-a424-557cb373497c; 1688922211; buscar por productos; ini
88149ac2-1e7a-11ee-a424-557cb373497c; 1688922211; buscar por productos; fin
89dd88a0-1e7a-11ee-a424-557cb373497c; 1688922214; buscar por productos; ini
89dd88a0-1e7a-11ee-a424-557cb373497c; 1688922214; buscar por productos; fin
8b2f75ec-1e7a-11ee-a424-557cb373497c; 1688922216; buscar por productos; ini
8b2f75ec-1e7a-11ee-a424-557cb373497c; 1688922216; buscar por productos; fin
8c6ac15a-1e7a-11ee-a424-557cb373497c; 1688922218; buscar por productos; ini
8c6ac15a-1e7a-11ee-a424-557cb373497c; 1688922218; buscar por productos; fin
8daba0ac-1e7a-11ee-a424-557cb373497c; 1688922220; buscar por productos; ini
8daba0ac-1e7a-11ee-a424-557cb373497c; 1688922220; buscar por productos; fin
8ee72400-1e7a-11ee-a424-557cb373497c; 1688922222; buscar por productos; ini
8ee72400-1e7a-11ee-a424-557cb373497c; 1688922222; buscar por productos; fin
90416874-1e7a-11ee-a424-557cb373497c; 1688922225; buscar por productos; ini
90416874-1e7a-11ee-a424-557cb373497c; 1688922225; buscar por productos; fin
93d9bd92-1e7a-11ee-a424-557cb373497c; 1688922231; buscar por categorias; ini
93d9bd92-1e7a-11ee-a424-557cb373497c; 1688922231; buscar por categorias; fin
95743010-1e7a-11ee-a424-557cb373497c; 1688922233; buscar por categorias; ini
95743010-1e7a-11ee-a424-557cb373497c; 1688922233; buscar por categorias; fin
9722a68a-1e7a-11ee-a424-557cb373497c; 1688922236; buscar por categorias; ini
9722a68a-1e7a-11ee-a424-557cb373497c; 1688922236; buscar por categorias; fin
990c31dc-1e7a-11ee-a424-557cb373497c; 1688922239; buscar por categorias; ini
990c31dc-1e7a-11ee-a424-557cb373497c; 1688922239; buscar por categorias; fin
9afacac6-1e7a-11ee-a424-557cb373497c; 1688922243; buscar por categorias; ini
9afacac6-1e7a-11ee-a424-557cb373497c; 1688922243; buscar por categorias; fin
9cbef206-1e7a-11ee-a424-557cb373497c; 1688922245; buscar por categorias; ini
9cbef206-1e7a-11ee-a424-557cb373497c; 1688922245; buscar por categorias; fin
9eaaee58-1e7a-11ee-a424-557cb373497c; 1688922249; buscar por categorias; ini
9eaaee58-1e7a-11ee-a424-557cb373497c; 1688922249; buscar por categorias; fin
a0b5a2e2-1e7a-11ee-a424-557cb373497c; 1688922252; buscar por categorias; ini
a0b5a2e2-1e7a-11ee-a424-557cb373497c; 1688922252; buscar por categorias; fin
a24c3012-1e7a-11ee-a424-557cb373497c; 1688922255; buscar por categorias; ini
a24c3012-1e7a-11ee-a424-557cb373497c; 1688922255; buscar por categorias; fin
a4134d72-1e7a-11ee-a424-557cb373497c; 1688922258; buscar por categorias; ini
a4134d72-1e7a-11ee-a424-557cb373497c; 1688922258; buscar por categorias; fin
a5cac1f4-1e7a-11ee-a424-557cb373497c; 1688922261; buscar por categorias; ini
a5cac1f4-1e7a-11ee-a424-557cb373497c; 1688922261; buscar por categorias; fin
a7ae328a-1e7a-11ee-a424-557cb373497c; 1688922264; buscar por categorias; ini
a7ae328a-1e7a-11ee-a424-557cb373497c; 1688922264; buscar por categorias; fin
a9784be6-1e7a-11ee-a424-557cb373497c; 1688922267; buscar por categorias; ini
a9784be6-1e7a-11ee-a424-557cb373497c; 1688922267; buscar por categorias; fin
ab045626-1e7a-11ee-a424-557cb373497c; 1688922269; buscar por categorias; ini
ab045626-1e7a-11ee-a424-557cb373497c; 1688922269; buscar por categorias; fin
acb0b776-1e7a-11ee-a424-557cb373497c; 1688922272; buscar por categorias; ini
acb0b776-1e7a-11ee-a424-557cb373497c; 1688922272; buscar por categorias; fin
ae27f3d0-1e7a-11ee-a424-557cb373497c; 1688922275; buscar por categorias; ini
ae27f3d0-1e7a-11ee-a424-557cb373497c; 1688922275; buscar por categorias; fin
afcbac7c-1e7a-11ee-a424-557cb373497c; 1688922277; buscar por categorias; ini
afcbac7c-1e7a-11ee-a424-557cb373497c; 1688922277; buscar por categorias; fin
b1ca4344-1e7a-11ee-a424-557cb373497c; 1688922281; buscar por categorias; ini
b1ca4344-1e7a-11ee-a424-557cb373497c; 1688922281; buscar por categorias; fin
b39d4450-1e7a-11ee-a424-557cb373497c; 1688922284; buscar por categorias; ini
b39d4450-1e7a-11ee-a424-557cb373497c; 1688922284; buscar por categorias; fin
b56b45e8-1e7a-11ee-a424-557cb373497c; 1688922287; buscar por categorias; ini
b56b45e8-1e7a-11ee-a424-557cb373497c; 1688922287; buscar por categorias; fin
041fd316-1e7b-11ee-a424-557cb373497c; 1688922419; buscar por productos; ini
041fd316-1e7b-11ee-a424-557cb373497c; 1688922419; buscar por productos; fin
0534d224-1e7b-11ee-a424-557cb373497c; 1688922421; buscar por productos; ini
0534d224-1e7b-11ee-a424-557cb373497c; 1688922421; buscar por productos; fin
0699275a-1e7b-11ee-a424-557cb373497c; 1688922423; buscar por productos; ini
0699275a-1e7b-11ee-a424-557cb373497c; 1688922423; buscar por productos; fin
07da6386-1e7b-11ee-a424-557cb373497c; 1688922425; buscar por productos; ini
07da6386-1e7b-11ee-a424-557cb373497c; 1688922425; buscar por productos; fin
09251f9c-1e7b-11ee-a424-557cb373497c; 1688922427; buscar por productos; ini
09251f9c-1e7b-11ee-a424-557cb373497c; 1688922427; buscar por productos; fin
0a90126a-1e7b-11ee-a424-557cb373497c; 1688922430; buscar por productos; ini
0a90126a-1e7b-11ee-a424-557cb373497c; 1688922430; buscar por productos; fin
0c0a6e92-1e7b-11ee-a424-557cb373497c; 1688922432; buscar por productos; ini
0c0a6e92-1e7b-11ee-a424-557cb373497c; 1688922432; buscar por productos; fin
0d49f282-1e7b-11ee-a424-557cb373497c; 1688922434; buscar por productos; ini
0d49f282-1e7b-11ee-a424-557cb373497c; 1688922434; buscar por productos; fin
0e984b02-1e7b-11ee-a424-557cb373497c; 1688922436; buscar por productos; ini
0e984b02-1e7b-11ee-a424-557cb373497c; 1688922436; buscar por productos; fin
0fe37766-1e7b-11ee-a424-557cb373497c; 1688922439; buscar por productos; ini
0fe37766-1e7b-11ee-a424-557cb373497c; 1688922439; buscar por productos; fin
1181738e-1e7b-11ee-a424-557cb373497c; 1688922441; buscar por productos; ini
1181738e-1e7b-11ee-a424-557cb373497c; 1688922441; buscar por productos; fin
12e6c116-1e7b-11ee-a424-557cb373497c; 1688922444; buscar por productos; ini
12e6c116-1e7b-11ee-a424-557cb373497c; 1688922444; buscar por productos; fin
14484be2-1e7b-11ee-a424-557cb373497c; 1688922446; buscar por productos; ini
14484be2-1e7b-11ee-a424-557cb373497c; 1688922446; buscar por productos; fin
159270b8-1e7b-11ee-a424-557cb373497c; 1688922448; buscar por productos; ini
159270b8-1e7b-11ee-a424-557cb373497c; 1688922448; buscar por productos; fin
16a9929c-1e7b-11ee-a424-557cb373497c; 1688922450; buscar por productos; ini
16a9929c-1e7b-11ee-a424-557cb373497c; 1688922450; buscar por productos; fin
17ddb51c-1e7b-11ee-a424-557cb373497c; 1688922452; buscar por productos; ini
17ddb51c-1e7b-11ee-a424-557cb373497c; 1688922452; buscar por productos; fin
18f7da54-1e7b-11ee-a424-557cb373497c; 1688922454; buscar por productos; ini
18f7da54-1e7b-11ee-a424-557cb373497c; 1688922454; buscar por productos; fin
1a49b49a-1e7b-11ee-a424-557cb373497c; 1688922456; buscar por productos; ini
1a49b49a-1e7b-11ee-a424-557cb373497c; 1688922456; buscar por productos; fin
1b72850e-1e7b-11ee-a424-557cb373497c; 1688922458; buscar por productos; ini
1b72850e-1e7b-11ee-a424-557cb373497c; 1688922458; buscar por productos; fin
1cbad47a-1e7b-11ee-a424-557cb373497c; 1688922460; buscar por productos; ini
1cbad47a-1e7b-11ee-a424-557cb373497c; 1688922460; buscar por productos; fin
2005b3f2-1e7b-11ee-a424-557cb373497c; 1688922466; buscar por categorias; ini
2005b3f2-1e7b-11ee-a424-557cb373497c; 1688922466; buscar por categorias; fin
2221b62c-1e7b-11ee-a424-557cb373497c; 1688922469; buscar por categorias; ini
2221b62c-1e7b-11ee-a424-557cb373497c; 1688922469; buscar por categorias; fin
24b5ed2c-1e7b-11ee-a424-557cb373497c; 1688922474; buscar por categorias; ini
24b5ed2c-1e7b-11ee-a424-557cb373497c; 1688922474; buscar por categorias; fin
276c1c44-1e7b-11ee-a424-557cb373497c; 1688922478; buscar por categorias; ini
276c1c44-1e7b-11ee-a424-557cb373497c; 1688922478; buscar por categorias; fin
29d9bd74-1e7b-11ee-a424-557cb373497c; 1688922482; buscar por categorias; ini
29d9bd74-1e7b-11ee-a424-557cb373497c; 1688922482; buscar por categorias; fin
2c2b2766-1e7b-11ee-a424-557cb373497c; 1688922486; buscar por categorias; ini
2c2b2766-1e7b-11ee-a424-557cb373497c; 1688922486; buscar por categorias; fin
2e55b358-1e7b-11ee-a424-557cb373497c; 1688922490; buscar por categorias; ini
2e55b358-1e7b-11ee-a424-557cb373497c; 1688922490; buscar por categorias; fin
3084c8f8-1e7b-11ee-a424-557cb373497c; 1688922493; buscar por categorias; ini
3084c8f8-1e7b-11ee-a424-557cb373497c; 1688922493; buscar por categorias; fin
328443c2-1e7b-11ee-a424-557cb373497c; 1688922497; buscar por categorias; ini
328443c2-1e7b-11ee-a424-557cb373497c; 1688922497; buscar por categorias; fin
34c89d72-1e7b-11ee-a424-557cb373497c; 1688922501; buscar por categorias; ini
34c89d72-1e7b-11ee-a424-557cb373497c; 1688922501; buscar por categorias; fin
390895ea-1e7b-11ee-a424-557cb373497c; 1688922508; buscar por categorias; ini
390895ea-1e7b-11ee-a424-557cb373497c; 1688922508; buscar por categorias; fin
3c559fe0-1e7b-11ee-a424-557cb373497c; 1688922513; buscar por categorias; ini
3c559fe0-1e7b-11ee-a424-557cb373497c; 1688922513; buscar por categorias; fin
3e9d5b08-1e7b-11ee-a424-557cb373497c; 1688922517; buscar por categorias; ini
3e9d5b08-1e7b-11ee-a424-557cb373497c; 1688922517; buscar por categorias; fin
409ca29c-1e7b-11ee-a424-557cb373497c; 1688922520; buscar por categorias; ini
409ca29c-1e7b-11ee-a424-557cb373497c; 1688922520; buscar por categorias; fin
42c0afdc-1e7b-11ee-a424-557cb373497c; 1688922524; buscar por categorias; ini
42c0afdc-1e7b-11ee-a424-557cb373497c; 1688922524; buscar por categorias; fin
44b29436-1e7b-11ee-a424-557cb373497c; 1688922527; buscar por categorias; ini
44b29436-1e7b-11ee-a424-557cb373497c; 1688922527; buscar por categorias; fin
469d00ec-1e7b-11ee-a424-557cb373497c; 1688922530; buscar por categorias; ini
469d00ec-1e7b-11ee-a424-557cb373497c; 1688922530; buscar por categorias; fin
48b0ea56-1e7b-11ee-a424-557cb373497c; 1688922534; buscar por categorias; ini
48b0ea56-1e7b-11ee-a424-557cb373497c; 1688922534; buscar por categorias; fin
4ac6d2e2-1e7b-11ee-a424-557cb373497c; 1688922537; buscar por categorias; ini
4ac6d2e2-1e7b-11ee-a424-557cb373497c; 1688922537; buscar por categorias; fin
4c57933a-1e7b-11ee-a424-557cb373497c; 1688922540; buscar por categorias; ini
4c57933a-1e7b-11ee-a424-557cb373497c; 1688922540; buscar por categorias; fin
4edbfb96-1e7b-11ee-a424-557cb373497c; 1688922544; buscar por categorias; ini
4edbfb96-1e7b-11ee-a424-557cb373497c; 1688922544; buscar por categorias; fin
e98ba66e-1e7b-11ee-a424-557cb373497c; 1688922804; buscar por productos; ini
e98ba66e-1e7b-11ee-a424-557cb373497c; 1688922804; buscar por productos; fin
ebbd6b98-1e7b-11ee-a424-557cb373497c; 1688922807; buscar por productos; ini
ebbd6b98-1e7b-11ee-a424-557cb373497c; 1688922807; buscar por productos; fin
ed6e4cdc-1e7b-11ee-a424-557cb373497c; 1688922810; buscar por productos; ini
ed6e4cdc-1e7b-11ee-a424-557cb373497c; 1688922810; buscar por productos; fin
eef4b87a-1e7b-11ee-a424-557cb373497c; 1688922813; buscar por productos; ini
eef4b87a-1e7b-11ee-a424-557cb373497c; 1688922813; buscar por productos; fin
f05675a0-1e7b-11ee-a424-557cb373497c; 1688922815; buscar por productos; ini
f05675a0-1e7b-11ee-a424-557cb373497c; 1688922815; buscar por productos; fin
f1dffa0e-1e7b-11ee-a424-557cb373497c; 1688922818; buscar por productos; ini
f1dffa0e-1e7b-11ee-a424-557cb373497c; 1688922818; buscar por productos; fin
f379a806-1e7b-11ee-a424-557cb373497c; 1688922820; buscar por productos; ini
f379a806-1e7b-11ee-a424-557cb373497c; 1688922820; buscar por productos; fin
f5066b00-1e7b-11ee-a424-557cb373497c; 1688922823; buscar por productos; ini
f5066b00-1e7b-11ee-a424-557cb373497c; 1688922823; buscar por productos; fin
f674b17c-1e7b-11ee-a424-557cb373497c; 1688922825; buscar por productos; ini
f674b17c-1e7b-11ee-a424-557cb373497c; 1688922825; buscar por productos; fin
f7c137ee-1e7b-11ee-a424-557cb373497c; 1688922828; buscar por productos; ini
f7c137ee-1e7b-11ee-a424-557cb373497c; 1688922828; buscar por productos; fin
f9313e08-1e7b-11ee-a424-557cb373497c; 1688922830; buscar por productos; ini
f9313e08-1e7b-11ee-a424-557cb373497c; 1688922830; buscar por productos; fin
faa9491a-1e7b-11ee-a424-557cb373497c; 1688922833; buscar por productos; ini
faa9491a-1e7b-11ee-a424-557cb373497c; 1688922833; buscar por productos; fin
fc0d8730-1e7b-11ee-a424-557cb373497c; 1688922835; buscar por productos; ini
fc0d8730-1e7b-11ee-a424-557cb373497c; 1688922835; buscar por productos; fin
fdbd72d4-1e7b-11ee-a424-557cb373497c; 1688922838; buscar por productos; ini
fdbd72d4-1e7b-11ee-a424-557cb373497c; 1688922838; buscar por productos; fin
ff5cf894-1e7b-11ee-a424-557cb373497c; 1688922840; buscar por productos; ini
ff5cf894-1e7b-11ee-a424-557cb373497c; 1688922840; buscar por productos; fin
05abb816-1e7c-11ee-a424-557cb373497c; 1688922851; buscar por productos; ini
05abb816-1e7c-11ee-a424-557cb373497c; 1688922851; buscar por productos; fin
12be4eec-1e7c-11ee-a424-557cb373497c; 1688922873; buscar por productos; ini
12be4eec-1e7c-11ee-a424-557cb373497c; 1688922873; buscar por productos; fin
16c852ee-1e7c-11ee-a424-557cb373497c; 1688922880; buscar por productos; ini
16c852ee-1e7c-11ee-a424-557cb373497c; 1688922880; buscar por productos; fin
199fc34e-1e7c-11ee-a424-557cb373497c; 1688922884; buscar por productos; ini
199fc34e-1e7c-11ee-a424-557cb373497c; 1688922884; buscar por productos; fin
1b8bf402-1e7c-11ee-a424-557cb373497c; 1688922888; buscar por productos; ini
1b8bf402-1e7c-11ee-a424-557cb373497c; 1688922888; buscar por productos; fin
1e858c54-1e7c-11ee-a424-557cb373497c; 1688922893; buscar por categorias; ini
1e858c54-1e7c-11ee-a424-557cb373497c; 1688922893; buscar por categorias; fin
28b0dd46-1e7c-11ee-a424-557cb373497c; 1688922910; buscar por categorias; ini
28b0dd46-1e7c-11ee-a424-557cb373497c; 1688922910; buscar por categorias; fin
2a9e5f98-1e7c-11ee-a424-557cb373497c; 1688922913; buscar por categorias; ini
2a9e5f98-1e7c-11ee-a424-557cb373497c; 1688922913; buscar por categorias; fin
2bba6160-1e7c-11ee-a424-557cb373497c; 1688922915; buscar por categorias; ini
2bba6160-1e7c-11ee-a424-557cb373497c; 1688922915; buscar por categorias; fin
2d0be3e0-1e7c-11ee-a424-557cb373497c; 1688922917; buscar por categorias; ini
2d0be3e0-1e7c-11ee-a424-557cb373497c; 1688922917; buscar por categorias; fin
2e0a912e-1e7c-11ee-a424-557cb373497c; 1688922919; buscar por categorias; ini
2e0a912e-1e7c-11ee-a424-557cb373497c; 1688922919; buscar por categorias; fin
2f03da4a-1e7c-11ee-a424-557cb373497c; 1688922920; buscar por categorias; ini
2f03da4a-1e7c-11ee-a424-557cb373497c; 1688922920; buscar por categorias; fin
30449ffc-1e7c-11ee-a424-557cb373497c; 1688922922; buscar por categorias; ini
30449ffc-1e7c-11ee-a424-557cb373497c; 1688922922; buscar por categorias; fin
31370454-1e7c-11ee-a424-557cb373497c; 1688922924; buscar por categorias; ini
31370454-1e7c-11ee-a424-557cb373497c; 1688922924; buscar por categorias; fin
31f2277a-1e7c-11ee-a424-557cb373497c; 1688922925; buscar por categorias; ini
31f2277a-1e7c-11ee-a424-557cb373497c; 1688922925; buscar por categorias; fin
32d03c22-1e7c-11ee-a424-557cb373497c; 1688922927; buscar por categorias; ini
32d03c22-1e7c-11ee-a424-557cb373497c; 1688922927; buscar por categorias; fin
33c8f1be-1e7c-11ee-a424-557cb373497c; 1688922928; buscar por categorias; ini
33c8f1be-1e7c-11ee-a424-557cb373497c; 1688922928; buscar por categorias; fin
3492d6dc-1e7c-11ee-a424-557cb373497c; 1688922930; buscar por categorias; ini
3492d6dc-1e7c-11ee-a424-557cb373497c; 1688922930; buscar por categorias; fin
353e7ee2-1e7c-11ee-a424-557cb373497c; 1688922931; buscar por categorias; ini
353e7ee2-1e7c-11ee-a424-557cb373497c; 1688922931; buscar por categorias; fin
35dcc746-1e7c-11ee-a424-557cb373497c; 1688922932; buscar por categorias; ini
35dcc746-1e7c-11ee-a424-557cb373497c; 1688922932; buscar por categorias; fin
367c1e36-1e7c-11ee-a424-557cb373497c; 1688922933; buscar por categorias; ini
367c1e36-1e7c-11ee-a424-557cb373497c; 1688922933; buscar por categorias; fin
375c848a-1e7c-11ee-a424-557cb373497c; 1688922934; buscar por categorias; ini
375c848a-1e7c-11ee-a424-557cb373497c; 1688922934; buscar por categorias; fin
3825dc2c-1e7c-11ee-a424-557cb373497c; 1688922936; buscar por categorias; ini
3825dc2c-1e7c-11ee-a424-557cb373497c; 1688922936; buscar por categorias; fin
38d3438a-1e7c-11ee-a424-557cb373497c; 1688922937; buscar por categorias; ini
38d3438a-1e7c-11ee-a424-557cb373497c; 1688922937; buscar por categorias; fin
397e6f62-1e7c-11ee-a424-557cb373497c; 1688922938; buscar por categorias; ini
397e6f62-1e7c-11ee-a424-557cb373497c; 1688922938; buscar por categorias; fin
6519d322-1e7d-11ee-a424-557cb373497c; 1688923441; buscar por productos; ini
6519d322-1e7d-11ee-a424-557cb373497c; 1688923441; buscar por productos; fin
6735614e-1e7d-11ee-a424-557cb373497c; 1688923444; buscar por productos; ini
6735614e-1e7d-11ee-a424-557cb373497c; 1688923444; buscar por productos; fin
687a726a-1e7d-11ee-a424-557cb373497c; 1688923446; buscar por productos; ini
687a726a-1e7d-11ee-a424-557cb373497c; 1688923446; buscar por productos; fin
699ffe6c-1e7d-11ee-a424-557cb373497c; 1688923448; buscar por productos; ini
699ffe6c-1e7d-11ee-a424-557cb373497c; 1688923448; buscar por productos; fin
6b228e44-1e7d-11ee-a424-557cb373497c; 1688923451; buscar por productos; ini
6b228e44-1e7d-11ee-a424-557cb373497c; 1688923451; buscar por productos; fin
6c621716-1e7d-11ee-a424-557cb373497c; 1688923453; buscar por productos; ini
6c621716-1e7d-11ee-a424-557cb373497c; 1688923453; buscar por productos; fin
6d7e7586-1e7d-11ee-a424-557cb373497c; 1688923455; buscar por productos; ini
6d7e7586-1e7d-11ee-a424-557cb373497c; 1688923455; buscar por productos; fin
6e9a1a9c-1e7d-11ee-a424-557cb373497c; 1688923457; buscar por productos; ini
6e9a1a9c-1e7d-11ee-a424-557cb373497c; 1688923457; buscar por productos; fin
6f8a048a-1e7d-11ee-a424-557cb373497c; 1688923458; buscar por productos; ini
6f8a048a-1e7d-11ee-a424-557cb373497c; 1688923458; buscar por productos; fin
70a982d2-1e7d-11ee-a424-557cb373497c; 1688923460; buscar por productos; ini
70a982d2-1e7d-11ee-a424-557cb373497c; 1688923460; buscar por productos; fin
71b3f338-1e7d-11ee-a424-557cb373497c; 1688923462; buscar por productos; ini
71b3f338-1e7d-11ee-a424-557cb373497c; 1688923462; buscar por productos; fin
7328ddc8-1e7d-11ee-a424-557cb373497c; 1688923464; buscar por productos; ini
7328ddc8-1e7d-11ee-a424-557cb373497c; 1688923464; buscar por productos; fin
7471f8a4-1e7d-11ee-a424-557cb373497c; 1688923466; buscar por productos; ini
7471f8a4-1e7d-11ee-a424-557cb373497c; 1688923466; buscar por productos; fin
75560a30-1e7d-11ee-a424-557cb373497c; 1688923468; buscar por productos; ini
75560a30-1e7d-11ee-a424-557cb373497c; 1688923468; buscar por productos; fin
769c00a2-1e7d-11ee-a424-557cb373497c; 1688923470; buscar por productos; ini
769c00a2-1e7d-11ee-a424-557cb373497c; 1688923470; buscar por productos; fin
77a9d42e-1e7d-11ee-a424-557cb373497c; 1688923472; buscar por productos; ini
77a9d42e-1e7d-11ee-a424-557cb373497c; 1688923472; buscar por productos; fin
78a2f3d8-1e7d-11ee-a424-557cb373497c; 1688923473; buscar por productos; ini
78a2f3d8-1e7d-11ee-a424-557cb373497c; 1688923473; buscar por productos; fin
797d5d98-1e7d-11ee-a424-557cb373497c; 1688923475; buscar por productos; ini
797d5d98-1e7d-11ee-a424-557cb373497c; 1688923475; buscar por productos; fin
7a5478aa-1e7d-11ee-a424-557cb373497c; 1688923476; buscar por productos; ini
7a5478aa-1e7d-11ee-a424-557cb373497c; 1688923476; buscar por productos; fin
7b4ded22-1e7d-11ee-a424-557cb373497c; 1688923478; buscar por productos; ini
7b4ded22-1e7d-11ee-a424-557cb373497c; 1688923478; buscar por productos; fin
80f9b26a-1e7d-11ee-a424-557cb373497c; 1688923487; buscar por categorias; ini
80f9b26a-1e7d-11ee-a424-557cb373497c; 1688923487; buscar por categorias; fin
8346819c-1e7d-11ee-a424-557cb373497c; 1688923491; buscar por categorias; ini
8346819c-1e7d-11ee-a424-557cb373497c; 1688923491; buscar por categorias; fin
86e6a994-1e7d-11ee-a424-557cb373497c; 1688923497; buscar por categorias; ini
86e6a994-1e7d-11ee-a424-557cb373497c; 1688923497; buscar por categorias; fin
8b2aa79e-1e7d-11ee-a424-557cb373497c; 1688923504; buscar por categorias; ini
8b2aa79e-1e7d-11ee-a424-557cb373497c; 1688923504; buscar por categorias; fin
8e520868-1e7d-11ee-a424-557cb373497c; 1688923510; buscar por categorias; ini
8e520868-1e7d-11ee-a424-557cb373497c; 1688923510; buscar por categorias; fin
912177c2-1e7d-11ee-a424-557cb373497c; 1688923514; buscar por categorias; ini
912177c2-1e7d-11ee-a424-557cb373497c; 1688923514; buscar por categorias; fin
ac62b758-1e7d-11ee-a424-557cb373497c; 1688923560; buscar por categorias; ini
ac62b758-1e7d-11ee-a424-557cb373497c; 1688923560; buscar por categorias; fin
af0c568a-1e7d-11ee-a424-557cb373497c; 1688923565; buscar por categorias; ini
af0c568a-1e7d-11ee-a424-557cb373497c; 1688923565; buscar por categorias; fin
b241dbf4-1e7d-11ee-a424-557cb373497c; 1688923570; buscar por categorias; ini
b241dbf4-1e7d-11ee-a424-557cb373497c; 1688923570; buscar por categorias; fin
b5d19750-1e7d-11ee-a424-557cb373497c; 1688923576; buscar por categorias; ini
b5d19750-1e7d-11ee-a424-557cb373497c; 1688923576; buscar por categorias; fin
bd416646-1e7d-11ee-a424-557cb373497c; 1688923588; buscar por categorias; ini
bd416646-1e7d-11ee-a424-557cb373497c; 1688923589; buscar por categorias; fin
c046f68a-1e7d-11ee-a424-557cb373497c; 1688923594; buscar por categorias; ini
c046f68a-1e7d-11ee-a424-557cb373497c; 1688923594; buscar por categorias; fin
c3e5b18c-1e7d-11ee-a424-557cb373497c; 1688923600; buscar por categorias; ini
c3e5b18c-1e7d-11ee-a424-557cb373497c; 1688923600; buscar por categorias; fin
c7a184c2-1e7d-11ee-a424-557cb373497c; 1688923606; buscar por categorias; ini
c7a184c2-1e7d-11ee-a424-557cb373497c; 1688923606; buscar por categorias; fin
cb5e3416-1e7d-11ee-a424-557cb373497c; 1688923612; buscar por categorias; ini
cb5e3416-1e7d-11ee-a424-557cb373497c; 1688923612; buscar por categorias; fin
ce9b66e4-1e7d-11ee-a424-557cb373497c; 1688923618; buscar por categorias; ini
ce9b66e4-1e7d-11ee-a424-557cb373497c; 1688923618; buscar por categorias; fin
d163982e-1e7d-11ee-a424-557cb373497c; 1688923622; buscar por categorias; ini
d163982e-1e7d-11ee-a424-557cb373497c; 1688923622; buscar por categorias; fin
d3ad142a-1e7d-11ee-a424-557cb373497c; 1688923626; buscar por categorias; ini
d3ad142a-1e7d-11ee-a424-557cb373497c; 1688923626; buscar por categorias; fin
d6fefcc4-1e7d-11ee-a424-557cb373497c; 1688923632; buscar por categorias; ini
d6fefcc4-1e7d-11ee-a424-557cb373497c; 1688923632; buscar por categorias; fin
d9529bd4-1e7d-11ee-a424-557cb373497c; 1688923636; buscar por categorias; ini
d9529bd4-1e7d-11ee-a424-557cb373497c; 1688923636; buscar por categorias; fin
57588f48-1e7e-11ee-a424-557cb373497c; 1688923847; buscar por productos; ini
57588f48-1e7e-11ee-a424-557cb373497c; 1688923847; buscar por productos; fin
5f4b22c4-1e7e-11ee-a424-557cb373497c; 1688923860; buscar por productos; ini
5f4b22c4-1e7e-11ee-a424-557cb373497c; 1688923861; buscar por productos; fin
65a5d0ec-1e7e-11ee-a424-557cb373497c; 1688923871; buscar por productos; ini
65a5d0ec-1e7e-11ee-a424-557cb373497c; 1688923871; buscar por productos; fin
6d695664-1e7e-11ee-a424-557cb373497c; 1688923884; buscar por productos; ini
6d695664-1e7e-11ee-a424-557cb373497c; 1688923884; buscar por productos; fin
78bdd120-1e7e-11ee-a424-557cb373497c; 1688923903; buscar por productos; ini
78bdd120-1e7e-11ee-a424-557cb373497c; 1688923903; buscar por productos; fin
7e0245e4-1e7e-11ee-a424-557cb373497c; 1688923912; buscar por productos; ini
7e0245e4-1e7e-11ee-a424-557cb373497c; 1688923912; buscar por productos; fin
84c2ef96-1e7e-11ee-a424-557cb373497c; 1688923923; buscar por productos; ini
84c2ef96-1e7e-11ee-a424-557cb373497c; 1688923924; buscar por productos; fin
8b0540fc-1e7e-11ee-a424-557cb373497c; 1688923934; buscar por productos; ini
8b0540fc-1e7e-11ee-a424-557cb373497c; 1688923934; buscar por productos; fin
9012bea8-1e7e-11ee-a424-557cb373497c; 1688923942; buscar por productos; ini
9012bea8-1e7e-11ee-a424-557cb373497c; 1688923943; buscar por productos; fin
952fbe2c-1e7e-11ee-a424-557cb373497c; 1688923951; buscar por productos; ini
952fbe2c-1e7e-11ee-a424-557cb373497c; 1688923951; buscar por productos; fin
99eb2960-1e7e-11ee-a424-557cb373497c; 1688923959; buscar por productos; ini
99eb2960-1e7e-11ee-a424-557cb373497c; 1688923959; buscar por productos; fin
9ee42b6a-1e7e-11ee-a424-557cb373497c; 1688923967; buscar por productos; ini
9ee42b6a-1e7e-11ee-a424-557cb373497c; 1688923967; buscar por productos; fin
a60a2476-1e7e-11ee-a424-557cb373497c; 1688923979; buscar por productos; ini
a60a2476-1e7e-11ee-a424-557cb373497c; 1688923979; buscar por productos; fin
ab310550-1e7e-11ee-a424-557cb373497c; 1688923988; buscar por productos; ini
ab310550-1e7e-11ee-a424-557cb373497c; 1688923988; buscar por productos; fin
afea9eda-1e7e-11ee-a424-557cb373497c; 1688923996; buscar por productos; ini
afea9eda-1e7e-11ee-a424-557cb373497c; 1688923996; buscar por productos; fin
b9283552-1e7e-11ee-a424-557cb373497c; 1688924011; buscar por productos; ini
b9283552-1e7e-11ee-a424-557cb373497c; 1688924011; buscar por productos; fin
bf09e182-1e7e-11ee-a424-557cb373497c; 1688924021; buscar por productos; ini
bf09e182-1e7e-11ee-a424-557cb373497c; 1688924021; buscar por productos; fin
c5664ec6-1e7e-11ee-a424-557cb373497c; 1688924032; buscar por productos; ini
c5664ec6-1e7e-11ee-a424-557cb373497c; 1688924032; buscar por productos; fin
cf7928c0-1e7e-11ee-a424-557cb373497c; 1688924049; buscar por productos; ini
cf7928c0-1e7e-11ee-a424-557cb373497c; 1688924049; buscar por productos; fin
d54efcfc-1e7e-11ee-a424-557cb373497c; 1688924058; buscar por productos; ini
d54efcfc-1e7e-11ee-a424-557cb373497c; 1688924059; buscar por productos; fin
dfd5aeaa-1e7e-11ee-a424-557cb373497c; 1688924076; buscar por categorias; ini
dfd5aeaa-1e7e-11ee-a424-557cb373497c; 1688924077; buscar por categorias; fin
f46bc732-1e7e-11ee-a424-557cb373497c; 1688924111; buscar por categorias; ini
f46bc732-1e7e-11ee-a424-557cb373497c; 1688924111; buscar por categorias; fin
0a13a280-1e7f-11ee-a424-557cb373497c; 1688924147; buscar por categorias; ini
0a13a280-1e7f-11ee-a424-557cb373497c; 1688924147; buscar por categorias; fin
25a01fe2-1e7f-11ee-a424-557cb373497c; 1688924193; buscar por categorias; ini
25a01fe2-1e7f-11ee-a424-557cb373497c; 1688924194; buscar por categorias; fin
464a1f86-1e7f-11ee-a424-557cb373497c; 1688924248; buscar por categorias; ini
464a1f86-1e7f-11ee-a424-557cb373497c; 1688924249; buscar por categorias; fin
5b94d28c-1e7f-11ee-a424-557cb373497c; 1688924284; buscar por categorias; ini
5b94d28c-1e7f-11ee-a424-557cb373497c; 1688924284; buscar por categorias; fin
70f14fc0-1e7f-11ee-a424-557cb373497c; 1688924319; buscar por categorias; ini
70f14fc0-1e7f-11ee-a424-557cb373497c; 1688924320; buscar por categorias; fin
8549315e-1e7f-11ee-a424-557cb373497c; 1688924354; buscar por categorias; ini
8549315e-1e7f-11ee-a424-557cb373497c; 1688924354; buscar por categorias; fin
a66d856a-1e7f-11ee-a424-557cb373497c; 1688924409; buscar por categorias; ini
a66d856a-1e7f-11ee-a424-557cb373497c; 1688924410; buscar por categorias; fin
bd886b2a-1e7f-11ee-a424-557cb373497c; 1688924448; buscar por categorias; ini
bd886b2a-1e7f-11ee-a424-557cb373497c; 1688924449; buscar por categorias; fin
d6e043fe-1e7f-11ee-a424-557cb373497c; 1688924490; buscar por categorias; ini
d6e043fe-1e7f-11ee-a424-557cb373497c; 1688924491; buscar por categorias; fin
eff9948a-1e7f-11ee-a424-557cb373497c; 1688924533; buscar por categorias; ini
eff9948a-1e7f-11ee-a424-557cb373497c; 1688924533; buscar por categorias; fin
0a184546-1e80-11ee-a424-557cb373497c; 1688924576; buscar por categorias; ini
0a184546-1e80-11ee-a424-557cb373497c; 1688924577; buscar por categorias; fin
47ff2000-1e80-11ee-a424-557cb373497c; 1688924680; buscar por categorias; ini
47ff2000-1e80-11ee-a424-557cb373497c; 1688924681; buscar por categorias; fin
5bfff96c-1e80-11ee-a424-557cb373497c; 1688924714; buscar por categorias; ini
5bfff96c-1e80-11ee-a424-557cb373497c; 1688924714; buscar por categorias; fin
714f6eb0-1e80-11ee-a424-557cb373497c; 1688924750; buscar por categorias; ini
714f6eb0-1e80-11ee-a424-557cb373497c; 1688924750; buscar por categorias; fin
87f0aa62-1e80-11ee-a424-557cb373497c; 1688924788; buscar por categorias; ini
87f0aa62-1e80-11ee-a424-557cb373497c; 1688924788; buscar por categorias; fin
9e0aad8e-1e80-11ee-a424-557cb373497c; 1688924825; buscar por categorias; ini
9e0aad8e-1e80-11ee-a424-557cb373497c; 1688924825; buscar por categorias; fin
b1d26596-1e80-11ee-a424-557cb373497c; 1688924858; buscar por categorias; ini
b1d26596-1e80-11ee-a424-557cb373497c; 1688924858; buscar por categorias; fin
ca780c4a-1e80-11ee-a424-557cb373497c; 1688924899; buscar por categorias; ini
ca780c4a-1e80-11ee-a424-557cb373497c; 1688924900; buscar por categorias; fin
a7f9d300-1e81-11ee-a424-557cb373497c; 1688925271; buscar por productos; ini
a7f9d300-1e81-11ee-a424-557cb373497c; 1688925277; buscar por productos; fin
c5c0731c-1e81-11ee-a424-557cb373497c; 1688925321; buscar por productos; ini
c5c0731c-1e81-11ee-a424-557cb373497c; 1688925327; buscar por productos; fin
ed85e6ac-1e81-11ee-a424-557cb373497c; 1688925387; buscar por productos; ini
ed85e6ac-1e81-11ee-a424-557cb373497c; 1688925392; buscar por productos; fin
f9c45304-1e81-11ee-a424-557cb373497c; 1688925408; buscar por productos; ini
f9c45304-1e81-11ee-a424-557cb373497c; 1688925409; buscar por productos; fin
0299f59c-1e82-11ee-a424-557cb373497c; 1688925423; buscar por productos; ini
0299f59c-1e82-11ee-a424-557cb373497c; 1688925424; buscar por productos; fin
0e6450f2-1e82-11ee-a424-557cb373497c; 1688925443; buscar por productos; ini
0e6450f2-1e82-11ee-a424-557cb373497c; 1688925444; buscar por productos; fin
1694ee9e-1e82-11ee-a424-557cb373497c; 1688925456; buscar por productos; ini
1694ee9e-1e82-11ee-a424-557cb373497c; 1688925458; buscar por productos; fin
1ff44d72-1e82-11ee-a424-557cb373497c; 1688925472; buscar por productos; ini
1ff44d72-1e82-11ee-a424-557cb373497c; 1688925473; buscar por productos; fin
287e7940-1e82-11ee-a424-557cb373497c; 1688925486; buscar por productos; ini
287e7940-1e82-11ee-a424-557cb373497c; 1688925488; buscar por productos; fin
2ffbc68c-1e82-11ee-a424-557cb373497c; 1688925499; buscar por productos; ini
2ffbc68c-1e82-11ee-a424-557cb373497c; 1688925500; buscar por productos; fin
389356a2-1e82-11ee-a424-557cb373497c; 1688925513; buscar por productos; ini
389356a2-1e82-11ee-a424-557cb373497c; 1688925515; buscar por productos; fin
4fe3454c-1e82-11ee-a424-557cb373497c; 1688925552; buscar por productos; ini
4fe3454c-1e82-11ee-a424-557cb373497c; 1688925555; buscar por productos; fin
622690a6-1e82-11ee-a424-557cb373497c; 1688925583; buscar por productos; ini
622690a6-1e82-11ee-a424-557cb373497c; 1688925586; buscar por productos; fin
80dea628-1e82-11ee-a424-557cb373497c; 1688925635; buscar por productos; ini
80dea628-1e82-11ee-a424-557cb373497c; 1688925636; buscar por productos; fin
8d531826-1e82-11ee-a424-557cb373497c; 1688925656; buscar por productos; ini
8d531826-1e82-11ee-a424-557cb373497c; 1688925657; buscar por productos; fin
99ec8540-1e82-11ee-a424-557cb373497c; 1688925677; buscar por productos; ini
99ec8540-1e82-11ee-a424-557cb373497c; 1688925678; buscar por productos; fin
a402ee7a-1e82-11ee-a424-557cb373497c; 1688925694; buscar por productos; ini
a402ee7a-1e82-11ee-a424-557cb373497c; 1688925695; buscar por productos; fin
afec3b74-1e82-11ee-a424-557cb373497c; 1688925714; buscar por productos; ini
afec3b74-1e82-11ee-a424-557cb373497c; 1688925715; buscar por productos; fin
c8902384-1e82-11ee-a424-557cb373497c; 1688925755; buscar por productos; ini
c8902384-1e82-11ee-a424-557cb373497c; 1688925756; buscar por productos; fin
e3e41442-1e82-11ee-a424-557cb373497c; 1688925801; buscar por categorias; ini
e3e41442-1e82-11ee-a424-557cb373497c; 1688925801; buscar por categorias; fin
02fe6076-1e83-11ee-a424-557cb373497c; 1688925853; buscar por categorias; ini
02fe6076-1e83-11ee-a424-557cb373497c; 1688925855; buscar por categorias; fin
2980f65a-1e83-11ee-a424-557cb373497c; 1688925918; buscar por categorias; ini
2980f65a-1e83-11ee-a424-557cb373497c; 1688925923; buscar por categorias; fin
561293d6-1e83-11ee-a424-557cb373497c; 1688925992; buscar por categorias; ini
561293d6-1e83-11ee-a424-557cb373497c; 1688925996; buscar por categorias; fin
9b773cba-1e83-11ee-a424-557cb373497c; 1688926109; buscar por categorias; ini
9b773cba-1e83-11ee-a424-557cb373497c; 1688926119; buscar por categorias; fin
fae28e5c-1e83-11ee-a424-557cb373497c; 1688926269; buscar por categorias; ini
fae28e5c-1e83-11ee-a424-557cb373497c; 1688926273; buscar por categorias; fin
1cd8acee-1e84-11ee-a424-557cb373497c; 1688926326; buscar por categorias; ini
1cd8acee-1e84-11ee-a424-557cb373497c; 1688926330; buscar por categorias; fin
56a7fe52-1e84-11ee-a424-557cb373497c; 1688926423; buscar por categorias; ini
56a7fe52-1e84-11ee-a424-557cb373497c; 1688926424; buscar por categorias; fin
a46a3358-1e84-11ee-a424-557cb373497c; 1688926553; buscar por categorias; ini
a46a3358-1e84-11ee-a424-557cb373497c; 1688926556; buscar por categorias; fin
c9a10a02-1e84-11ee-a424-557cb373497c; 1688926616; buscar por categorias; ini
c9a10a02-1e84-11ee-a424-557cb373497c; 1688926622; buscar por categorias; fin
fbbbb744-1e84-11ee-a424-557cb373497c; 1688926700; buscar por categorias; ini
fbbbb744-1e84-11ee-a424-557cb373497c; 1688926702; buscar por categorias; fin
138bb6c6-1e85-11ee-a424-557cb373497c; 1688926740; buscar por categorias; ini
138bb6c6-1e85-11ee-a424-557cb373497c; 1688926743; buscar por categorias; fin
506aa07a-1e85-11ee-a424-557cb373497c; 1688926842; buscar por categorias; ini
506aa07a-1e85-11ee-a424-557cb373497c; 1688926845; buscar por categorias; fin
9276bc42-1e85-11ee-a424-557cb373497c; 1688926953; buscar por categorias; ini
9276bc42-1e85-11ee-a424-557cb373497c; 1688926957; buscar por categorias; fin
b7372490-1e85-11ee-a424-557cb373497c; 1688927014; buscar por categorias; ini
b7372490-1e85-11ee-a424-557cb373497c; 1688927019; buscar por categorias; fin
