ce410898-1e78-11ee-a424-557cb373497c; 1688921470; buscar por productos; ini
ce410898-1e78-11ee-a424-557cb373497c; 1688921470; buscar por productos; fin
dcd00526-1e78-11ee-a424-557cb373497c; 1688921494; buscar por productos; ini
dcd00526-1e78-11ee-a424-557cb373497c; 1688921494; buscar por productos; fin
df21fae6-1e78-11ee-a424-557cb373497c; 1688921498; buscar por productos; ini
df21fae6-1e78-11ee-a424-557cb373497c; 1688921498; buscar por productos; fin
e1c61930-1e78-11ee-a424-557cb373497c; 1688921502; buscar por productos; ini
e1c61930-1e78-11ee-a424-557cb373497c; 1688921502; buscar por productos; fin
e3eea772-1e78-11ee-a424-557cb373497c; 1688921506; buscar por productos; ini
e3eea772-1e78-11ee-a424-557cb373497c; 1688921506; buscar por productos; fin
e5deb162-1e78-11ee-a424-557cb373497c; 1688921509; buscar por productos; ini
e5deb162-1e78-11ee-a424-557cb373497c; 1688921509; buscar por productos; fin
e81c3dfa-1e78-11ee-a424-557cb373497c; 1688921513; buscar por productos; ini
e81c3dfa-1e78-11ee-a424-557cb373497c; 1688921513; buscar por productos; fin
eb0dff44-1e78-11ee-a424-557cb373497c; 1688921518; buscar por productos; ini
eb0dff44-1e78-11ee-a424-557cb373497c; 1688921518; buscar por productos; fin
eeb4987e-1e78-11ee-a424-557cb373497c; 1688921524; buscar por productos; ini
eeb4987e-1e78-11ee-a424-557cb373497c; 1688921524; buscar por productos; fin
f19f2112-1e78-11ee-a424-557cb373497c; 1688921529; buscar por productos; ini
f19f2112-1e78-11ee-a424-557cb373497c; 1688921529; buscar por productos; fin
f4767778-1e78-11ee-a424-557cb373497c; 1688921534; buscar por productos; ini
f4767778-1e78-11ee-a424-557cb373497c; 1688921534; buscar por productos; fin
f76fff76-1e78-11ee-a424-557cb373497c; 1688921539; buscar por productos; ini
f76fff76-1e78-11ee-a424-557cb373497c; 1688921539; buscar por productos; fin
fa35da5a-1e78-11ee-a424-557cb373497c; 1688921543; buscar por productos; ini
fa35da5a-1e78-11ee-a424-557cb373497c; 1688921543; buscar por productos; fin
fd09e17c-1e78-11ee-a424-557cb373497c; 1688921548; buscar por productos; ini
fd09e17c-1e78-11ee-a424-557cb373497c; 1688921548; buscar por productos; fin
ff91d904-1e78-11ee-a424-557cb373497c; 1688921552; buscar por productos; ini
ff91d904-1e78-11ee-a424-557cb373497c; 1688921552; buscar por productos; fin
019a0c9e-1e79-11ee-a424-557cb373497c; 1688921556; buscar por productos; ini
019a0c9e-1e79-11ee-a424-557cb373497c; 1688921556; buscar por productos; fin
0406c1ac-1e79-11ee-a424-557cb373497c; 1688921560; buscar por productos; ini
0406c1ac-1e79-11ee-a424-557cb373497c; 1688921560; buscar por productos; fin
0655ad38-1e79-11ee-a424-557cb373497c; 1688921564; buscar por productos; ini
0655ad38-1e79-11ee-a424-557cb373497c; 1688921564; buscar por productos; fin
08a32476-1e79-11ee-a424-557cb373497c; 1688921567; buscar por productos; ini
08a32476-1e79-11ee-a424-557cb373497c; 1688921567; buscar por productos; fin
0ab6aee0-1e79-11ee-a424-557cb373497c; 1688921571; buscar por productos; ini
0ab6aee0-1e79-11ee-a424-557cb373497c; 1688921571; buscar por productos; fin
2281c654-1e79-11ee-a424-557cb373497c; 1688921611; buscar por categorias; ini
2281c654-1e79-11ee-a424-557cb373497c; 1688921611; buscar por categorias; fin
250510c0-1e79-11ee-a424-557cb373497c; 1688921615; buscar por categorias; ini
250510c0-1e79-11ee-a424-557cb373497c; 1688921615; buscar por categorias; fin
2769070e-1e79-11ee-a424-557cb373497c; 1688921619; buscar por categorias; ini
2769070e-1e79-11ee-a424-557cb373497c; 1688921619; buscar por categorias; fin
2a44a9e2-1e79-11ee-a424-557cb373497c; 1688921624; buscar por categorias; ini
2a44a9e2-1e79-11ee-a424-557cb373497c; 1688921624; buscar por categorias; fin
2c70d218-1e79-11ee-a424-557cb373497c; 1688921628; buscar por categorias; ini
2c70d218-1e79-11ee-a424-557cb373497c; 1688921628; buscar por categorias; fin
2e5cafd4-1e79-11ee-a424-557cb373497c; 1688921631; buscar por categorias; ini
2e5cafd4-1e79-11ee-a424-557cb373497c; 1688921631; buscar por categorias; fin
307bd8bc-1e79-11ee-a424-557cb373497c; 1688921634; buscar por categorias; ini
307bd8bc-1e79-11ee-a424-557cb373497c; 1688921634; buscar por categorias; fin
33200e30-1e79-11ee-a424-557cb373497c; 1688921639; buscar por categorias; ini
33200e30-1e79-11ee-a424-557cb373497c; 1688921639; buscar por categorias; fin
3684fc0c-1e79-11ee-a424-557cb373497c; 1688921644; buscar por categorias; ini
3684fc0c-1e79-11ee-a424-557cb373497c; 1688921644; buscar por categorias; fin
389a4eca-1e79-11ee-a424-557cb373497c; 1688921648; buscar por categorias; ini
389a4eca-1e79-11ee-a424-557cb373497c; 1688921648; buscar por categorias; fin
3a6a8bfc-1e79-11ee-a424-557cb373497c; 1688921651; buscar por categorias; ini
3a6a8bfc-1e79-11ee-a424-557cb373497c; 1688921651; buscar por categorias; fin
3c111322-1e79-11ee-a424-557cb373497c; 1688921654; buscar por categorias; ini
3c111322-1e79-11ee-a424-557cb373497c; 1688921654; buscar por categorias; fin
3df720c8-1e79-11ee-a424-557cb373497c; 1688921657; buscar por categorias; ini
3df720c8-1e79-11ee-a424-557cb373497c; 1688921657; buscar por categorias; fin
3fbd9ffe-1e79-11ee-a424-557cb373497c; 1688921660; buscar por categorias; ini
3fbd9ffe-1e79-11ee-a424-557cb373497c; 1688921660; buscar por categorias; fin
4200dc9a-1e79-11ee-a424-557cb373497c; 1688921664; buscar por categorias; ini
4200dc9a-1e79-11ee-a424-557cb373497c; 1688921664; buscar por categorias; fin
4401219e-1e79-11ee-a424-557cb373497c; 1688921667; buscar por categorias; ini
4401219e-1e79-11ee-a424-557cb373497c; 1688921667; buscar por categorias; fin
461d33f0-1e79-11ee-a424-557cb373497c; 1688921671; buscar por categorias; ini
461d33f0-1e79-11ee-a424-557cb373497c; 1688921671; buscar por categorias; fin
47f5a6f8-1e79-11ee-a424-557cb373497c; 1688921674; buscar por categorias; ini
47f5a6f8-1e79-11ee-a424-557cb373497c; 1688921674; buscar por categorias; fin
4a48dce0-1e79-11ee-a424-557cb373497c; 1688921678; buscar por categorias; ini
4a48dce0-1e79-11ee-a424-557cb373497c; 1688921678; buscar por categorias; fin
4c47d60e-1e79-11ee-a424-557cb373497c; 1688921681; buscar por categorias; ini
4c47d60e-1e79-11ee-a424-557cb373497c; 1688921681; buscar por categorias; fin
4e63406c-1e7a-11ee-a424-557cb373497c; 1688922114; buscar por productos; ini
4e63406c-1e7a-11ee-a424-557cb373497c; 1688922114; buscar por productos; fin
546a2386-1e7a-11ee-a424-557cb373497c; 1688922124; buscar por productos; ini
546a2386-1e7a-11ee-a424-557cb373497c; 1688922124; buscar por productos; fin
56eb1070-1e7a-11ee-a424-557cb373497c; 1688922128; buscar por productos; ini
56eb1070-1e7a-11ee-a424-557cb373497c; 1688922128; buscar por productos; fin
6ff99e60-1e7a-11ee-a424-557cb373497c; 1688922170; buscar por productos; ini
6ff99e60-1e7a-11ee-a424-557cb373497c; 1688922170; buscar por productos; fin
71f4beca-1e7a-11ee-a424-557cb373497c; 1688922174; buscar por productos; ini
71f4beca-1e7a-11ee-a424-557cb373497c; 1688922174; buscar por productos; fin
744ddcf6-1e7a-11ee-a424-557cb373497c; 1688922178; buscar por productos; ini
744ddcf6-1e7a-11ee-a424-557cb373497c; 1688922178; buscar por productos; fin
79b86b70-1e7a-11ee-a424-557cb373497c; 1688922187; buscar por productos; ini
79b86b70-1e7a-11ee-a424-557cb373497c; 1688922187; buscar por productos; fin
7b9566a0-1e7a-11ee-a424-557cb373497c; 1688922190; buscar por productos; ini
7b9566a0-1e7a-11ee-a424-557cb373497c; 1688922190; buscar por productos; fin
7d4a722e-1e7a-11ee-a424-557cb373497c; 1688922193; buscar por productos; ini
7d4a722e-1e7a-11ee-a424-557cb373497c; 1688922193; buscar por productos; fin
7f3aafea-1e7a-11ee-a424-557cb373497c; 1688922196; buscar por productos; ini
7f3aafea-1e7a-11ee-a424-557cb373497c; 1688922196; buscar por productos; fin
80d96602-1e7a-11ee-a424-557cb373497c; 1688922199; buscar por productos; ini
80d96602-1e7a-11ee-a424-557cb373497c; 1688922199; buscar por productos; fin
824e8b48-1e7a-11ee-a424-557cb373497c; 1688922201; buscar por productos; ini
824e8b48-1e7a-11ee-a424-557cb373497c; 1688922201; buscar por productos; fin
83a69a76-1e7a-11ee-a424-557cb373497c; 1688922203; buscar por productos; ini
83a69a76-1e7a-11ee-a424-557cb373497c; 1688922203; buscar por productos; fin
856f69a0-1e7a-11ee-a424-557cb373497c; 1688922206; buscar por productos; ini
856f69a0-1e7a-11ee-a424-557cb373497c; 1688922206; buscar por productos; fin
88153220-1e7a-11ee-a424-557cb373497c; 1688922211; buscar por productos; ini
88153220-1e7a-11ee-a424-557cb373497c; 1688922211; buscar por productos; fin
89de80ca-1e7a-11ee-a424-557cb373497c; 1688922214; buscar por productos; ini
89de80ca-1e7a-11ee-a424-557cb373497c; 1688922214; buscar por productos; fin
8b3004a8-1e7a-11ee-a424-557cb373497c; 1688922216; buscar por productos; ini
8b3004a8-1e7a-11ee-a424-557cb373497c; 1688922216; buscar por productos; fin
8c6bdf90-1e7a-11ee-a424-557cb373497c; 1688922218; buscar por productos; ini
8c6bdf90-1e7a-11ee-a424-557cb373497c; 1688922218; buscar por productos; fin
8dacb794-1e7a-11ee-a424-557cb373497c; 1688922220; buscar por productos; ini
8dacb794-1e7a-11ee-a424-557cb373497c; 1688922220; buscar por productos; fin
8ee7af6a-1e7a-11ee-a424-557cb373497c; 1688922222; buscar por productos; ini
8ee7af6a-1e7a-11ee-a424-557cb373497c; 1688922222; buscar por productos; fin
90422890-1e7a-11ee-a424-557cb373497c; 1688922225; buscar por productos; ini
90422890-1e7a-11ee-a424-557cb373497c; 1688922225; buscar por productos; fin
93da7b56-1e7a-11ee-a424-557cb373497c; 1688922231; buscar por categorias; ini
93da7b56-1e7a-11ee-a424-557cb373497c; 1688922231; buscar por categorias; fin
9574cdf4-1e7a-11ee-a424-557cb373497c; 1688922233; buscar por categorias; ini
9574cdf4-1e7a-11ee-a424-557cb373497c; 1688922233; buscar por categorias; fin
9723385c-1e7a-11ee-a424-557cb373497c; 1688922236; buscar por categorias; ini
9723385c-1e7a-11ee-a424-557cb373497c; 1688922236; buscar por categorias; fin
990cee7e-1e7a-11ee-a424-557cb373497c; 1688922239; buscar por categorias; ini
990cee7e-1e7a-11ee-a424-557cb373497c; 1688922239; buscar por categorias; fin
9afb6850-1e7a-11ee-a424-557cb373497c; 1688922243; buscar por categorias; ini
9afb6850-1e7a-11ee-a424-557cb373497c; 1688922243; buscar por categorias; fin
9cbf91f2-1e7a-11ee-a424-557cb373497c; 1688922245; buscar por categorias; ini
9cbf91f2-1e7a-11ee-a424-557cb373497c; 1688922245; buscar por categorias; fin
9eab8b9c-1e7a-11ee-a424-557cb373497c; 1688922249; buscar por categorias; ini
9eab8b9c-1e7a-11ee-a424-557cb373497c; 1688922249; buscar por categorias; fin
a0b65b42-1e7a-11ee-a424-557cb373497c; 1688922252; buscar por categorias; ini
a0b65b42-1e7a-11ee-a424-557cb373497c; 1688922252; buscar por categorias; fin
a24ceb42-1e7a-11ee-a424-557cb373497c; 1688922255; buscar por categorias; ini
a24ceb42-1e7a-11ee-a424-557cb373497c; 1688922255; buscar por categorias; fin
a414966e-1e7a-11ee-a424-557cb373497c; 1688922258; buscar por categorias; ini
a414966e-1e7a-11ee-a424-557cb373497c; 1688922258; buscar por categorias; fin
a5cbe192-1e7a-11ee-a424-557cb373497c; 1688922261; buscar por categorias; ini
a5cbe192-1e7a-11ee-a424-557cb373497c; 1688922261; buscar por categorias; fin
a7af5f5c-1e7a-11ee-a424-557cb373497c; 1688922264; buscar por categorias; ini
a7af5f5c-1e7a-11ee-a424-557cb373497c; 1688922264; buscar por categorias; fin
a978f97e-1e7a-11ee-a424-557cb373497c; 1688922267; buscar por categorias; ini
a978f97e-1e7a-11ee-a424-557cb373497c; 1688922267; buscar por categorias; fin
ab0514bc-1e7a-11ee-a424-557cb373497c; 1688922269; buscar por categorias; ini
ab0514bc-1e7a-11ee-a424-557cb373497c; 1688922269; buscar por categorias; fin
acb150dc-1e7a-11ee-a424-557cb373497c; 1688922272; buscar por categorias; ini
acb150dc-1e7a-11ee-a424-557cb373497c; 1688922272; buscar por categorias; fin
ae28d8b8-1e7a-11ee-a424-557cb373497c; 1688922275; buscar por categorias; ini
ae28d8b8-1e7a-11ee-a424-557cb373497c; 1688922275; buscar por categorias; fin
afccaeb0-1e7a-11ee-a424-557cb373497c; 1688922277; buscar por categorias; ini
afccaeb0-1e7a-11ee-a424-557cb373497c; 1688922277; buscar por categorias; fin
b1cb0cac-1e7a-11ee-a424-557cb373497c; 1688922281; buscar por categorias; ini
b1cb0cac-1e7a-11ee-a424-557cb373497c; 1688922281; buscar por categorias; fin
b39deea0-1e7a-11ee-a424-557cb373497c; 1688922284; buscar por categorias; ini
b39deea0-1e7a-11ee-a424-557cb373497c; 1688922284; buscar por categorias; fin
b56c4132-1e7a-11ee-a424-557cb373497c; 1688922287; buscar por categorias; ini
b56c4132-1e7a-11ee-a424-557cb373497c; 1688922287; buscar por categorias; fin
0420e3b4-1e7b-11ee-a424-557cb373497c; 1688922419; buscar por productos; ini
0420e3b4-1e7b-11ee-a424-557cb373497c; 1688922419; buscar por productos; fin
05359a56-1e7b-11ee-a424-557cb373497c; 1688922421; buscar por productos; ini
05359a56-1e7b-11ee-a424-557cb373497c; 1688922421; buscar por productos; fin
0699ce9e-1e7b-11ee-a424-557cb373497c; 1688922423; buscar por productos; ini
0699ce9e-1e7b-11ee-a424-557cb373497c; 1688922423; buscar por productos; fin
07db325c-1e7b-11ee-a424-557cb373497c; 1688922425; buscar por productos; ini
07db325c-1e7b-11ee-a424-557cb373497c; 1688922425; buscar por productos; fin
09260100-1e7b-11ee-a424-557cb373497c; 1688922427; buscar por productos; ini
09260100-1e7b-11ee-a424-557cb373497c; 1688922427; buscar por productos; fin
0a90fa90-1e7b-11ee-a424-557cb373497c; 1688922430; buscar por productos; ini
0a90fa90-1e7b-11ee-a424-557cb373497c; 1688922430; buscar por productos; fin
0c0b52da-1e7b-11ee-a424-557cb373497c; 1688922432; buscar por productos; ini
0c0b52da-1e7b-11ee-a424-557cb373497c; 1688922432; buscar por productos; fin
0d4ac914-1e7b-11ee-a424-557cb373497c; 1688922434; buscar por productos; ini
0d4ac914-1e7b-11ee-a424-557cb373497c; 1688922434; buscar por productos; fin
0e98e814-1e7b-11ee-a424-557cb373497c; 1688922436; buscar por productos; ini
0e98e814-1e7b-11ee-a424-557cb373497c; 1688922436; buscar por productos; fin
0fe42c88-1e7b-11ee-a424-557cb373497c; 1688922439; buscar por productos; ini
0fe42c88-1e7b-11ee-a424-557cb373497c; 1688922439; buscar por productos; fin
11828364-1e7b-11ee-a424-557cb373497c; 1688922441; buscar por productos; ini
11828364-1e7b-11ee-a424-557cb373497c; 1688922441; buscar por productos; fin
12e849fa-1e7b-11ee-a424-557cb373497c; 1688922444; buscar por productos; ini
12e849fa-1e7b-11ee-a424-557cb373497c; 1688922444; buscar por productos; fin
1448edea-1e7b-11ee-a424-557cb373497c; 1688922446; buscar por productos; ini
1448edea-1e7b-11ee-a424-557cb373497c; 1688922446; buscar por productos; fin
1592f056-1e7b-11ee-a424-557cb373497c; 1688922448; buscar por productos; ini
1592f056-1e7b-11ee-a424-557cb373497c; 1688922448; buscar por productos; fin
16aa66e0-1e7b-11ee-a424-557cb373497c; 1688922450; buscar por productos; ini
16aa66e0-1e7b-11ee-a424-557cb373497c; 1688922450; buscar por productos; fin
17de373a-1e7b-11ee-a424-557cb373497c; 1688922452; buscar por productos; ini
17de373a-1e7b-11ee-a424-557cb373497c; 1688922452; buscar por productos; fin
18f913ce-1e7b-11ee-a424-557cb373497c; 1688922454; buscar por productos; ini
18f913ce-1e7b-11ee-a424-557cb373497c; 1688922454; buscar por productos; fin
1a4a5986-1e7b-11ee-a424-557cb373497c; 1688922456; buscar por productos; ini
1a4a5986-1e7b-11ee-a424-557cb373497c; 1688922456; buscar por productos; fin
1b737edc-1e7b-11ee-a424-557cb373497c; 1688922458; buscar por productos; ini
1b737edc-1e7b-11ee-a424-557cb373497c; 1688922458; buscar por productos; fin
1cbb9e82-1e7b-11ee-a424-557cb373497c; 1688922460; buscar por productos; ini
1cbb9e82-1e7b-11ee-a424-557cb373497c; 1688922460; buscar por productos; fin
200691e6-1e7b-11ee-a424-557cb373497c; 1688922466; buscar por categorias; ini
200691e6-1e7b-11ee-a424-557cb373497c; 1688922466; buscar por categorias; fin
22227a8a-1e7b-11ee-a424-557cb373497c; 1688922469; buscar por categorias; ini
22227a8a-1e7b-11ee-a424-557cb373497c; 1688922469; buscar por categorias; fin
24b71c2e-1e7b-11ee-a424-557cb373497c; 1688922474; buscar por categorias; ini
24b71c2e-1e7b-11ee-a424-557cb373497c; 1688922474; buscar por categorias; fin
276d0b7c-1e7b-11ee-a424-557cb373497c; 1688922478; buscar por categorias; ini
276d0b7c-1e7b-11ee-a424-557cb373497c; 1688922478; buscar por categorias; fin
29da8b0a-1e7b-11ee-a424-557cb373497c; 1688922482; buscar por categorias; ini
29da8b0a-1e7b-11ee-a424-557cb373497c; 1688922482; buscar por categorias; fin
2c2c4f2e-1e7b-11ee-a424-557cb373497c; 1688922486; buscar por categorias; ini
2c2c4f2e-1e7b-11ee-a424-557cb373497c; 1688922486; buscar por categorias; fin
2e56be1a-1e7b-11ee-a424-557cb373497c; 1688922490; buscar por categorias; ini
2e56be1a-1e7b-11ee-a424-557cb373497c; 1688922490; buscar por categorias; fin
30864d72-1e7b-11ee-a424-557cb373497c; 1688922493; buscar por categorias; ini
30864d72-1e7b-11ee-a424-557cb373497c; 1688922493; buscar por categorias; fin
32853304-1e7b-11ee-a424-557cb373497c; 1688922497; buscar por categorias; ini
32853304-1e7b-11ee-a424-557cb373497c; 1688922497; buscar por categorias; fin
34c93d0e-1e7b-11ee-a424-557cb373497c; 1688922501; buscar por categorias; ini
34c93d0e-1e7b-11ee-a424-557cb373497c; 1688922501; buscar por categorias; fin
39094e72-1e7b-11ee-a424-557cb373497c; 1688922508; buscar por categorias; ini
39094e72-1e7b-11ee-a424-557cb373497c; 1688922508; buscar por categorias; fin
3c567f3c-1e7b-11ee-a424-557cb373497c; 1688922513; buscar por categorias; ini
3c567f3c-1e7b-11ee-a424-557cb373497c; 1688922513; buscar por categorias; fin
3e9e8c58-1e7b-11ee-a424-557cb373497c; 1688922517; buscar por categorias; ini
3e9e8c58-1e7b-11ee-a424-557cb373497c; 1688922517; buscar por categorias; fin
409dd072-1e7b-11ee-a424-557cb373497c; 1688922520; buscar por categorias; ini
409dd072-1e7b-11ee-a424-557cb373497c; 1688922520; buscar por categorias; fin
42c17aa2-1e7b-11ee-a424-557cb373497c; 1688922524; buscar por categorias; ini
42c17aa2-1e7b-11ee-a424-557cb373497c; 1688922524; buscar por categorias; fin
44b34674-1e7b-11ee-a424-557cb373497c; 1688922527; buscar por categorias; ini
44b34674-1e7b-11ee-a424-557cb373497c; 1688922527; buscar por categorias; fin
469dcedc-1e7b-11ee-a424-557cb373497c; 1688922530; buscar por categorias; ini
469dcedc-1e7b-11ee-a424-557cb373497c; 1688922530; buscar por categorias; fin
48b18ea2-1e7b-11ee-a424-557cb373497c; 1688922534; buscar por categorias; ini
48b18ea2-1e7b-11ee-a424-557cb373497c; 1688922534; buscar por categorias; fin
4ac780ca-1e7b-11ee-a424-557cb373497c; 1688922537; buscar por categorias; ini
4ac780ca-1e7b-11ee-a424-557cb373497c; 1688922537; buscar por categorias; fin
4c58f626-1e7b-11ee-a424-557cb373497c; 1688922540; buscar por categorias; ini
4c58f626-1e7b-11ee-a424-557cb373497c; 1688922540; buscar por categorias; fin
4edd0554-1e7b-11ee-a424-557cb373497c; 1688922544; buscar por categorias; ini
4edd0554-1e7b-11ee-a424-557cb373497c; 1688922544; buscar por categorias; fin
e98d23ae-1e7b-11ee-a424-557cb373497c; 1688922804; buscar por productos; ini
e98d23ae-1e7b-11ee-a424-557cb373497c; 1688922804; buscar por productos; fin
ebbf012e-1e7b-11ee-a424-557cb373497c; 1688922808; buscar por productos; ini
ebbf012e-1e7b-11ee-a424-557cb373497c; 1688922808; buscar por productos; fin
ed6fb18a-1e7b-11ee-a424-557cb373497c; 1688922810; buscar por productos; ini
ed6fb18a-1e7b-11ee-a424-557cb373497c; 1688922810; buscar por productos; fin
eef6c462-1e7b-11ee-a424-557cb373497c; 1688922813; buscar por productos; ini
eef6c462-1e7b-11ee-a424-557cb373497c; 1688922813; buscar por productos; fin
f057adb2-1e7b-11ee-a424-557cb373497c; 1688922815; buscar por productos; ini
f057adb2-1e7b-11ee-a424-557cb373497c; 1688922815; buscar por productos; fin
f1e1f228-1e7b-11ee-a424-557cb373497c; 1688922818; buscar por productos; ini
f1e1f228-1e7b-11ee-a424-557cb373497c; 1688922818; buscar por productos; fin
f37b6b32-1e7b-11ee-a424-557cb373497c; 1688922820; buscar por productos; ini
f37b6b32-1e7b-11ee-a424-557cb373497c; 1688922820; buscar por productos; fin
f5082bc0-1e7b-11ee-a424-557cb373497c; 1688922823; buscar por productos; ini
f5082bc0-1e7b-11ee-a424-557cb373497c; 1688922823; buscar por productos; fin
f676a4dc-1e7b-11ee-a424-557cb373497c; 1688922825; buscar por productos; ini
f676a4dc-1e7b-11ee-a424-557cb373497c; 1688922825; buscar por productos; fin
f7c263ee-1e7b-11ee-a424-557cb373497c; 1688922828; buscar por productos; ini
f7c263ee-1e7b-11ee-a424-557cb373497c; 1688922828; buscar por productos; fin
f932e622-1e7b-11ee-a424-557cb373497c; 1688922830; buscar por productos; ini
f932e622-1e7b-11ee-a424-557cb373497c; 1688922830; buscar por productos; fin
faaa9734-1e7b-11ee-a424-557cb373497c; 1688922833; buscar por productos; ini
faaa9734-1e7b-11ee-a424-557cb373497c; 1688922833; buscar por productos; fin
fc0fb2bc-1e7b-11ee-a424-557cb373497c; 1688922835; buscar por productos; ini
fc0fb2bc-1e7b-11ee-a424-557cb373497c; 1688922835; buscar por productos; fin
fdbf4578-1e7b-11ee-a424-557cb373497c; 1688922838; buscar por productos; ini
fdbf4578-1e7b-11ee-a424-557cb373497c; 1688922838; buscar por productos; fin
ff5eb666-1e7b-11ee-a424-557cb373497c; 1688922840; buscar por productos; ini
ff5eb666-1e7b-11ee-a424-557cb373497c; 1688922840; buscar por productos; fin
05ae991e-1e7c-11ee-a424-557cb373497c; 1688922851; buscar por productos; ini
05ae991e-1e7c-11ee-a424-557cb373497c; 1688922851; buscar por productos; fin
12c00066-1e7c-11ee-a424-557cb373497c; 1688922873; buscar por productos; ini
12c00066-1e7c-11ee-a424-557cb373497c; 1688922873; buscar por productos; fin
16ca48e2-1e7c-11ee-a424-557cb373497c; 1688922880; buscar por productos; ini
16ca48e2-1e7c-11ee-a424-557cb373497c; 1688922880; buscar por productos; fin
19a2e416-1e7c-11ee-a424-557cb373497c; 1688922884; buscar por productos; ini
19a2e416-1e7c-11ee-a424-557cb373497c; 1688922885; buscar por productos; fin
1b8d3b32-1e7c-11ee-a424-557cb373497c; 1688922888; buscar por productos; ini
1b8d3b32-1e7c-11ee-a424-557cb373497c; 1688922888; buscar por productos; fin
1e8835bc-1e7c-11ee-a424-557cb373497c; 1688922893; buscar por categorias; ini
1e8835bc-1e7c-11ee-a424-557cb373497c; 1688922893; buscar por categorias; fin
28b3c6f0-1e7c-11ee-a424-557cb373497c; 1688922910; buscar por categorias; ini
28b3c6f0-1e7c-11ee-a424-557cb373497c; 1688922910; buscar por categorias; fin
2aa10c98-1e7c-11ee-a424-557cb373497c; 1688922913; buscar por categorias; ini
2aa10c98-1e7c-11ee-a424-557cb373497c; 1688922913; buscar por categorias; fin
2bbce5de-1e7c-11ee-a424-557cb373497c; 1688922915; buscar por categorias; ini
2bbce5de-1e7c-11ee-a424-557cb373497c; 1688922915; buscar por categorias; fin
2d0e9414-1e7c-11ee-a424-557cb373497c; 1688922917; buscar por categorias; ini
2d0e9414-1e7c-11ee-a424-557cb373497c; 1688922917; buscar por categorias; fin
2e0dc876-1e7c-11ee-a424-557cb373497c; 1688922919; buscar por categorias; ini
2e0dc876-1e7c-11ee-a424-557cb373497c; 1688922919; buscar por categorias; fin
2f075058-1e7c-11ee-a424-557cb373497c; 1688922920; buscar por categorias; ini
2f075058-1e7c-11ee-a424-557cb373497c; 1688922920; buscar por categorias; fin
304729e8-1e7c-11ee-a424-557cb373497c; 1688922922; buscar por categorias; ini
304729e8-1e7c-11ee-a424-557cb373497c; 1688922922; buscar por categorias; fin
3139b58c-1e7c-11ee-a424-557cb373497c; 1688922924; buscar por categorias; ini
3139b58c-1e7c-11ee-a424-557cb373497c; 1688922924; buscar por categorias; fin
31f4c0d4-1e7c-11ee-a424-557cb373497c; 1688922925; buscar por categorias; ini
31f4c0d4-1e7c-11ee-a424-557cb373497c; 1688922925; buscar por categorias; fin
32d35c36-1e7c-11ee-a424-557cb373497c; 1688922927; buscar por categorias; ini
32d35c36-1e7c-11ee-a424-557cb373497c; 1688922927; buscar por categorias; fin
33cbe892-1e7c-11ee-a424-557cb373497c; 1688922928; buscar por categorias; ini
33cbe892-1e7c-11ee-a424-557cb373497c; 1688922928; buscar por categorias; fin
3496bd2e-1e7c-11ee-a424-557cb373497c; 1688922930; buscar por categorias; ini
3496bd2e-1e7c-11ee-a424-557cb373497c; 1688922930; buscar por categorias; fin
35411134-1e7c-11ee-a424-557cb373497c; 1688922931; buscar por categorias; ini
35411134-1e7c-11ee-a424-557cb373497c; 1688922931; buscar por categorias; fin
35e010ae-1e7c-11ee-a424-557cb373497c; 1688922932; buscar por categorias; ini
35e010ae-1e7c-11ee-a424-557cb373497c; 1688922932; buscar por categorias; fin
367ec776-1e7c-11ee-a424-557cb373497c; 1688922933; buscar por categorias; ini
367ec776-1e7c-11ee-a424-557cb373497c; 1688922933; buscar por categorias; fin
375f48fa-1e7c-11ee-a424-557cb373497c; 1688922934; buscar por categorias; ini
375f48fa-1e7c-11ee-a424-557cb373497c; 1688922934; buscar por categorias; fin
38287072-1e7c-11ee-a424-557cb373497c; 1688922936; buscar por categorias; ini
38287072-1e7c-11ee-a424-557cb373497c; 1688922936; buscar por categorias; fin
38d5f9e0-1e7c-11ee-a424-557cb373497c; 1688922937; buscar por categorias; ini
38d5f9e0-1e7c-11ee-a424-557cb373497c; 1688922937; buscar por categorias; fin
3980de64-1e7c-11ee-a424-557cb373497c; 1688922938; buscar por categorias; ini
3980de64-1e7c-11ee-a424-557cb373497c; 1688922938; buscar por categorias; fin
652a25f6-1e7d-11ee-a424-557cb373497c; 1688923441; buscar por productos; ini
652a25f6-1e7d-11ee-a424-557cb373497c; 1688923441; buscar por productos; fin
674598e8-1e7d-11ee-a424-557cb373497c; 1688923444; buscar por productos; ini
674598e8-1e7d-11ee-a424-557cb373497c; 1688923444; buscar por productos; fin
688ac3fe-1e7d-11ee-a424-557cb373497c; 1688923446; buscar por productos; ini
688ac3fe-1e7d-11ee-a424-557cb373497c; 1688923446; buscar por productos; fin
69b076c0-1e7d-11ee-a424-557cb373497c; 1688923448; buscar por productos; ini
69b076c0-1e7d-11ee-a424-557cb373497c; 1688923448; buscar por productos; fin
6b32b7b0-1e7d-11ee-a424-557cb373497c; 1688923451; buscar por productos; ini
6b32b7b0-1e7d-11ee-a424-557cb373497c; 1688923451; buscar por productos; fin
6c72359c-1e7d-11ee-a424-557cb373497c; 1688923453; buscar por productos; ini
6c72359c-1e7d-11ee-a424-557cb373497c; 1688923453; buscar por productos; fin
6d8f4b90-1e7d-11ee-a424-557cb373497c; 1688923455; buscar por productos; ini
6d8f4b90-1e7d-11ee-a424-557cb373497c; 1688923455; buscar por productos; fin
6eaa6dfc-1e7d-11ee-a424-557cb373497c; 1688923457; buscar por productos; ini
6eaa6dfc-1e7d-11ee-a424-557cb373497c; 1688923457; buscar por productos; fin
6f9acc2a-1e7d-11ee-a424-557cb373497c; 1688923458; buscar por productos; ini
6f9acc2a-1e7d-11ee-a424-557cb373497c; 1688923458; buscar por productos; fin
70ba7588-1e7d-11ee-a424-557cb373497c; 1688923460; buscar por productos; ini
70ba7588-1e7d-11ee-a424-557cb373497c; 1688923460; buscar por productos; fin
71c46970-1e7d-11ee-a424-557cb373497c; 1688923462; buscar por productos; ini
71c46970-1e7d-11ee-a424-557cb373497c; 1688923462; buscar por productos; fin
73394c9e-1e7d-11ee-a424-557cb373497c; 1688923464; buscar por productos; ini
73394c9e-1e7d-11ee-a424-557cb373497c; 1688923464; buscar por productos; fin
7482297c-1e7d-11ee-a424-557cb373497c; 1688923466; buscar por productos; ini
7482297c-1e7d-11ee-a424-557cb373497c; 1688923466; buscar por productos; fin
7567ebc4-1e7d-11ee-a424-557cb373497c; 1688923468; buscar por productos; ini
7567ebc4-1e7d-11ee-a424-557cb373497c; 1688923468; buscar por productos; fin
76ac649c-1e7d-11ee-a424-557cb373497c; 1688923470; buscar por productos; ini
76ac649c-1e7d-11ee-a424-557cb373497c; 1688923470; buscar por productos; fin
77ba728e-1e7d-11ee-a424-557cb373497c; 1688923472; buscar por productos; ini
77ba728e-1e7d-11ee-a424-557cb373497c; 1688923472; buscar por productos; fin
78b3d126-1e7d-11ee-a424-557cb373497c; 1688923473; buscar por productos; ini
78b3d126-1e7d-11ee-a424-557cb373497c; 1688923474; buscar por productos; fin
798d3e84-1e7d-11ee-a424-557cb373497c; 1688923475; buscar por productos; ini
798d3e84-1e7d-11ee-a424-557cb373497c; 1688923475; buscar por productos; fin
7a64441a-1e7d-11ee-a424-557cb373497c; 1688923476; buscar por productos; ini
7a64441a-1e7d-11ee-a424-557cb373497c; 1688923476; buscar por productos; fin
7b5e7836-1e7d-11ee-a424-557cb373497c; 1688923478; buscar por productos; ini
7b5e7836-1e7d-11ee-a424-557cb373497c; 1688923478; buscar por productos; fin
81023048-1e7d-11ee-a424-557cb373497c; 1688923487; buscar por categorias; ini
81023048-1e7d-11ee-a424-557cb373497c; 1688923487; buscar por categorias; fin
83513204-1e7d-11ee-a424-557cb373497c; 1688923491; buscar por categorias; ini
83513204-1e7d-11ee-a424-557cb373497c; 1688923491; buscar por categorias; fin
86f1b410-1e7d-11ee-a424-557cb373497c; 1688923497; buscar por categorias; ini
86f1b410-1e7d-11ee-a424-557cb373497c; 1688923497; buscar por categorias; fin
8b34c0d0-1e7d-11ee-a424-557cb373497c; 1688923505; buscar por categorias; ini
8b34c0d0-1e7d-11ee-a424-557cb373497c; 1688923505; buscar por categorias; fin
8e5d2a4a-1e7d-11ee-a424-557cb373497c; 1688923510; buscar por categorias; ini
8e5d2a4a-1e7d-11ee-a424-557cb373497c; 1688923510; buscar por categorias; fin
912a665c-1e7d-11ee-a424-557cb373497c; 1688923515; buscar por categorias; ini
912a665c-1e7d-11ee-a424-557cb373497c; 1688923515; buscar por categorias; fin
ac6c23f6-1e7d-11ee-a424-557cb373497c; 1688923560; buscar por categorias; ini
ac6c23f6-1e7d-11ee-a424-557cb373497c; 1688923560; buscar por categorias; fin
af14c112-1e7d-11ee-a424-557cb373497c; 1688923565; buscar por categorias; ini
af14c112-1e7d-11ee-a424-557cb373497c; 1688923565; buscar por categorias; fin
b24ced00-1e7d-11ee-a424-557cb373497c; 1688923570; buscar por categorias; ini
b24ced00-1e7d-11ee-a424-557cb373497c; 1688923570; buscar por categorias; fin
b5da42a6-1e7d-11ee-a424-557cb373497c; 1688923576; buscar por categorias; ini
b5da42a6-1e7d-11ee-a424-557cb373497c; 1688923576; buscar por categorias; fin
bd4bef3a-1e7d-11ee-a424-557cb373497c; 1688923589; buscar por categorias; ini
bd4bef3a-1e7d-11ee-a424-557cb373497c; 1688923589; buscar por categorias; fin
c04f48a8-1e7d-11ee-a424-557cb373497c; 1688923594; buscar por categorias; ini
c04f48a8-1e7d-11ee-a424-557cb373497c; 1688923594; buscar por categorias; fin
c3f06424-1e7d-11ee-a424-557cb373497c; 1688923600; buscar por categorias; ini
c3f06424-1e7d-11ee-a424-557cb373497c; 1688923600; buscar por categorias; fin
c7ab9a02-1e7d-11ee-a424-557cb373497c; 1688923606; buscar por categorias; ini
c7ab9a02-1e7d-11ee-a424-557cb373497c; 1688923606; buscar por categorias; fin
cb68d0ba-1e7d-11ee-a424-557cb373497c; 1688923612; buscar por categorias; ini
cb68d0ba-1e7d-11ee-a424-557cb373497c; 1688923612; buscar por categorias; fin
cea43cf6-1e7d-11ee-a424-557cb373497c; 1688923618; buscar por categorias; ini
cea43cf6-1e7d-11ee-a424-557cb373497c; 1688923618; buscar por categorias; fin
d16c4b2c-1e7d-11ee-a424-557cb373497c; 1688923622; buscar por categorias; ini
d16c4b2c-1e7d-11ee-a424-557cb373497c; 1688923622; buscar por categorias; fin
d3b636a4-1e7d-11ee-a424-557cb373497c; 1688923626; buscar por categorias; ini
d3b636a4-1e7d-11ee-a424-557cb373497c; 1688923626; buscar por categorias; fin
d707ba76-1e7d-11ee-a424-557cb373497c; 1688923632; buscar por categorias; ini
d707ba76-1e7d-11ee-a424-557cb373497c; 1688923632; buscar por categorias; fin
d95b6d7c-1e7d-11ee-a424-557cb373497c; 1688923636; buscar por categorias; ini
d95b6d7c-1e7d-11ee-a424-557cb373497c; 1688923636; buscar por categorias; fin
57ef04dc-1e7e-11ee-a424-557cb373497c; 1688923848; buscar por productos; ini
57ef04dc-1e7e-11ee-a424-557cb373497c; 1688923848; buscar por productos; fin
5fb8ea3e-1e7e-11ee-a424-557cb373497c; 1688923861; buscar por productos; ini
5fb8ea3e-1e7e-11ee-a424-557cb373497c; 1688923861; buscar por productos; fin
661c82b4-1e7e-11ee-a424-557cb373497c; 1688923872; buscar por productos; ini
661c82b4-1e7e-11ee-a424-557cb373497c; 1688923872; buscar por productos; fin
6dd3f7ee-1e7e-11ee-a424-557cb373497c; 1688923885; buscar por productos; ini
6dd3f7ee-1e7e-11ee-a424-557cb373497c; 1688923885; buscar por productos; fin
792a32de-1e7e-11ee-a424-557cb373497c; 1688923904; buscar por productos; ini
792a32de-1e7e-11ee-a424-557cb373497c; 1688923904; buscar por productos; fin
7e6d7346-1e7e-11ee-a424-557cb373497c; 1688923913; buscar por productos; ini
7e6d7346-1e7e-11ee-a424-557cb373497c; 1688923913; buscar por productos; fin
852e70b8-1e7e-11ee-a424-557cb373497c; 1688923924; buscar por productos; ini
852e70b8-1e7e-11ee-a424-557cb373497c; 1688923924; buscar por productos; fin
8b72460c-1e7e-11ee-a424-557cb373497c; 1688923934; buscar por productos; ini
8b72460c-1e7e-11ee-a424-557cb373497c; 1688923935; buscar por productos; fin
90817cd0-1e7e-11ee-a424-557cb373497c; 1688923943; buscar por productos; ini
90817cd0-1e7e-11ee-a424-557cb373497c; 1688923943; buscar por productos; fin
959cc260-1e7e-11ee-a424-557cb373497c; 1688923951; buscar por productos; ini
959cc260-1e7e-11ee-a424-557cb373497c; 1688923952; buscar por productos; fin
9a569e84-1e7e-11ee-a424-557cb373497c; 1688923959; buscar por productos; ini
9a569e84-1e7e-11ee-a424-557cb373497c; 1688923960; buscar por productos; fin
9f537600-1e7e-11ee-a424-557cb373497c; 1688923968; buscar por productos; ini
9f537600-1e7e-11ee-a424-557cb373497c; 1688923968; buscar por productos; fin
a673b454-1e7e-11ee-a424-557cb373497c; 1688923980; buscar por productos; ini
a673b454-1e7e-11ee-a424-557cb373497c; 1688923980; buscar por productos; fin
ab9f1342-1e7e-11ee-a424-557cb373497c; 1688923988; buscar por productos; ini
ab9f1342-1e7e-11ee-a424-557cb373497c; 1688923989; buscar por productos; fin
b05785a4-1e7e-11ee-a424-557cb373497c; 1688923996; buscar por productos; ini
b05785a4-1e7e-11ee-a424-557cb373497c; 1688923997; buscar por productos; fin
b9940304-1e7e-11ee-a424-557cb373497c; 1688924012; buscar por productos; ini
b9940304-1e7e-11ee-a424-557cb373497c; 1688924012; buscar por productos; fin
bf7395c8-1e7e-11ee-a424-557cb373497c; 1688924022; buscar por productos; ini
bf7395c8-1e7e-11ee-a424-557cb373497c; 1688924022; buscar por productos; fin
c5d1dd08-1e7e-11ee-a424-557cb373497c; 1688924032; buscar por productos; ini
c5d1dd08-1e7e-11ee-a424-557cb373497c; 1688924033; buscar por productos; fin
cfe61b88-1e7e-11ee-a424-557cb373497c; 1688924049; buscar por productos; ini
cfe61b88-1e7e-11ee-a424-557cb373497c; 1688924050; buscar por productos; fin
d5bcc962-1e7e-11ee-a424-557cb373497c; 1688924059; buscar por productos; ini
d5bcc962-1e7e-11ee-a424-557cb373497c; 1688924059; buscar por productos; fin
e0c9807a-1e7e-11ee-a424-557cb373497c; 1688924078; buscar por categorias; ini
e0c9807a-1e7e-11ee-a424-557cb373497c; 1688924078; buscar por categorias; fin
f55bc584-1e7e-11ee-a424-557cb373497c; 1688924112; buscar por categorias; ini
f55bc584-1e7e-11ee-a424-557cb373497c; 1688924112; buscar por categorias; fin
0b06832e-1e7f-11ee-a424-557cb373497c; 1688924148; buscar por categorias; ini
0b06832e-1e7f-11ee-a424-557cb373497c; 1688924149; buscar por categorias; fin
26a61c3e-1e7f-11ee-a424-557cb373497c; 1688924195; buscar por categorias; ini
26a61c3e-1e7f-11ee-a424-557cb373497c; 1688924195; buscar por categorias; fin
47544f46-1e7f-11ee-a424-557cb373497c; 1688924250; buscar por categorias; ini
47544f46-1e7f-11ee-a424-557cb373497c; 1688924250; buscar por categorias; fin
5c84ecb8-1e7f-11ee-a424-557cb373497c; 1688924285; buscar por categorias; ini
5c84ecb8-1e7f-11ee-a424-557cb373497c; 1688924285; buscar por categorias; fin
71e9e022-1e7f-11ee-a424-557cb373497c; 1688924321; buscar por categorias; ini
71e9e022-1e7f-11ee-a424-557cb373497c; 1688924321; buscar por categorias; fin
863c5140-1e7f-11ee-a424-557cb373497c; 1688924355; buscar por categorias; ini
863c5140-1e7f-11ee-a424-557cb373497c; 1688924355; buscar por categorias; fin
a75c59d8-1e7f-11ee-a424-557cb373497c; 1688924411; buscar por categorias; ini
a75c59d8-1e7f-11ee-a424-557cb373497c; 1688924411; buscar por categorias; fin
be8196dc-1e7f-11ee-a424-557cb373497c; 1688924450; buscar por categorias; ini
be8196dc-1e7f-11ee-a424-557cb373497c; 1688924450; buscar por categorias; fin
d7d2eeec-1e7f-11ee-a424-557cb373497c; 1688924492; buscar por categorias; ini
d7d2eeec-1e7f-11ee-a424-557cb373497c; 1688924492; buscar por categorias; fin
f0fc7b54-1e7f-11ee-a424-557cb373497c; 1688924534; buscar por categorias; ini
f0fc7b54-1e7f-11ee-a424-557cb373497c; 1688924534; buscar por categorias; fin
0b0884b6-1e80-11ee-a424-557cb373497c; 1688924578; buscar por categorias; ini
0b0884b6-1e80-11ee-a424-557cb373497c; 1688924578; buscar por categorias; fin
48ecd05c-1e80-11ee-a424-557cb373497c; 1688924682; buscar por categorias; ini
48ecd05c-1e80-11ee-a424-557cb373497c; 1688924682; buscar por categorias; fin
5cf6e6e6-1e80-11ee-a424-557cb373497c; 1688924715; buscar por categorias; ini
5cf6e6e6-1e80-11ee-a424-557cb373497c; 1688924716; buscar por categorias; fin
723de7a2-1e80-11ee-a424-557cb373497c; 1688924751; buscar por categorias; ini
723de7a2-1e80-11ee-a424-557cb373497c; 1688924751; buscar por categorias; fin
88e204ac-1e80-11ee-a424-557cb373497c; 1688924789; buscar por categorias; ini
88e204ac-1e80-11ee-a424-557cb373497c; 1688924789; buscar por categorias; fin
9efd4440-1e80-11ee-a424-557cb373497c; 1688924826; buscar por categorias; ini
9efd4440-1e80-11ee-a424-557cb373497c; 1688924826; buscar por categorias; fin
b5592268-1e80-11ee-a424-557cb373497c; 1688924864; buscar por categorias; ini
b5592268-1e80-11ee-a424-557cb373497c; 1688924864; buscar por categorias; fin
cb674b70-1e80-11ee-a424-557cb373497c; 1688924901; buscar por categorias; ini
cb674b70-1e80-11ee-a424-557cb373497c; 1688924901; buscar por categorias; fin
ae915f6c-1e81-11ee-a424-557cb373497c; 1688925282; buscar por productos; ini
ae915f6c-1e81-11ee-a424-557cb373497c; 1688925284; buscar por productos; fin
dc8c869e-1e81-11ee-a424-557cb373497c; 1688925359; buscar por productos; ini
dc8c869e-1e81-11ee-a424-557cb373497c; 1688925363; buscar por productos; fin
f0d94466-1e81-11ee-a424-557cb373497c; 1688925393; buscar por productos; ini
f0d94466-1e81-11ee-a424-557cb373497c; 1688925395; buscar por productos; fin
fae642a6-1e81-11ee-a424-557cb373497c; 1688925410; buscar por productos; ini
fae642a6-1e81-11ee-a424-557cb373497c; 1688925410; buscar por productos; fin
03b9d410-1e82-11ee-a424-557cb373497c; 1688925425; buscar por productos; ini
03b9d410-1e82-11ee-a424-557cb373497c; 1688925425; buscar por productos; fin
0f76137c-1e82-11ee-a424-557cb373497c; 1688925444; buscar por productos; ini
0f76137c-1e82-11ee-a424-557cb373497c; 1688925445; buscar por productos; fin
17a602d2-1e82-11ee-a424-557cb373497c; 1688925458; buscar por productos; ini
17a602d2-1e82-11ee-a424-557cb373497c; 1688925458; buscar por productos; fin
2104a8ce-1e82-11ee-a424-557cb373497c; 1688925474; buscar por productos; ini
2104a8ce-1e82-11ee-a424-557cb373497c; 1688925474; buscar por productos; fin
29950bdc-1e82-11ee-a424-557cb373497c; 1688925488; buscar por productos; ini
29950bdc-1e82-11ee-a424-557cb373497c; 1688925489; buscar por productos; fin
310c91be-1e82-11ee-a424-557cb373497c; 1688925501; buscar por productos; ini
310c91be-1e82-11ee-a424-557cb373497c; 1688925501; buscar por productos; fin
39a77ed8-1e82-11ee-a424-557cb373497c; 1688925515; buscar por productos; ini
39a77ed8-1e82-11ee-a424-557cb373497c; 1688925515; buscar por productos; fin
5257be0c-1e82-11ee-a424-557cb373497c; 1688925557; buscar por productos; ini
5257be0c-1e82-11ee-a424-557cb373497c; 1688925562; buscar por productos; fin
64a35fee-1e82-11ee-a424-557cb373497c; 1688925587; buscar por productos; ini
64a35fee-1e82-11ee-a424-557cb373497c; 1688925591; buscar por productos; fin
81f728dc-1e82-11ee-a424-557cb373497c; 1688925637; buscar por productos; ini
81f728dc-1e82-11ee-a424-557cb373497c; 1688925637; buscar por productos; fin
8e6b5994-1e82-11ee-a424-557cb373497c; 1688925657; buscar por productos; ini
8e6b5994-1e82-11ee-a424-557cb373497c; 1688925658; buscar por productos; fin
9afe879e-1e82-11ee-a424-557cb373497c; 1688925679; buscar por productos; ini
9afe879e-1e82-11ee-a424-557cb373497c; 1688925679; buscar por productos; fin
a511789a-1e82-11ee-a424-557cb373497c; 1688925695; buscar por productos; ini
a511789a-1e82-11ee-a424-557cb373497c; 1688925696; buscar por productos; fin
b0fa9772-1e82-11ee-a424-557cb373497c; 1688925715; buscar por productos; ini
b0fa9772-1e82-11ee-a424-557cb373497c; 1688925716; buscar por productos; fin
c9a66364-1e82-11ee-a424-557cb373497c; 1688925757; buscar por productos; ini
c9a66364-1e82-11ee-a424-557cb373497c; 1688925757; buscar por productos; fin
e4648140-1e82-11ee-a424-557cb373497c; 1688925802; buscar por categorias; ini
e4648140-1e82-11ee-a424-557cb373497c; 1688925802; buscar por categorias; fin
04f52414-1e83-11ee-a424-557cb373497c; 1688925856; buscar por categorias; ini
04f52414-1e83-11ee-a424-557cb373497c; 1688925859; buscar por categorias; fin
2e581ec4-1e83-11ee-a424-557cb373497c; 1688925926; buscar por categorias; ini
2e581ec4-1e83-11ee-a424-557cb373497c; 1688925933; buscar por categorias; fin
596dcad2-1e83-11ee-a424-557cb373497c; 1688925998; buscar por categorias; ini
596dcad2-1e83-11ee-a424-557cb373497c; 1688926002; buscar por categorias; fin
a779131c-1e83-11ee-a424-557cb373497c; 1688926129; buscar por categorias; ini
a779131c-1e83-11ee-a424-557cb373497c; 1688926141; buscar por categorias; fin
ff16edce-1e83-11ee-a424-557cb373497c; 1688926276; buscar por categorias; ini
ff16edce-1e83-11ee-a424-557cb373497c; 1688926282; buscar por categorias; fin
2122b4b6-1e84-11ee-a424-557cb373497c; 1688926333; buscar por categorias; ini
2122b4b6-1e84-11ee-a424-557cb373497c; 1688926340; buscar por categorias; fin
58eb6faa-1e84-11ee-a424-557cb373497c; 1688926427; buscar por categorias; ini
58eb6faa-1e84-11ee-a424-557cb373497c; 1688926437; buscar por categorias; fin
a7a7019a-1e84-11ee-a424-557cb373497c; 1688926559; buscar por categorias; ini
a7a7019a-1e84-11ee-a424-557cb373497c; 1688926564; buscar por categorias; fin
cffa5e80-1e84-11ee-a424-557cb373497c; 1688926626; buscar por categorias; ini
cffa5e80-1e84-11ee-a424-557cb373497c; 1688926630; buscar por categorias; fin
fec1fd36-1e84-11ee-a424-557cb373497c; 1688926705; buscar por categorias; ini
fec1fd36-1e84-11ee-a424-557cb373497c; 1688926708; buscar por categorias; fin
16e89e6a-1e85-11ee-a424-557cb373497c; 1688926745; buscar por categorias; ini
16e89e6a-1e85-11ee-a424-557cb373497c; 1688926750; buscar por categorias; fin
53eb37aa-1e85-11ee-a424-557cb373497c; 1688926848; buscar por categorias; ini
53eb37aa-1e85-11ee-a424-557cb373497c; 1688926849; buscar por categorias; fin
96672864-1e85-11ee-a424-557cb373497c; 1688926959; buscar por categorias; ini
96672864-1e85-11ee-a424-557cb373497c; 1688926966; buscar por categorias; fin
bc817a7c-1e85-11ee-a424-557cb373497c; 1688927023; buscar por categorias; ini
bc817a7c-1e85-11ee-a424-557cb373497c; 1688927030; buscar por categorias; fin
226e83ca-1fb7-11ee-a202-afe78310b347; 1689058191; buscar por categorias; ini
226e83ca-1fb7-11ee-a202-afe78310b347; 1689058191; buscar por categorias; fin
